#
# There is insufficient memory for the Java Runtime Environment to continue.
# Native memory allocation (mmap) failed to map 121634816 bytes for committing reserved memory.
# Possible reasons:
#   The system is out of physical RAM or swap space
#   In 32 bit mode, the process size limit was hit
# Possible solutions:
#   Reduce memory load on the system
#   Increase physical memory or swap space
#   Check if swap backing store is full
#   Use 64 bit Java on a 64 bit OS
#   Decrease Java heap size (-Xmx/-Xms)
#   Decrease number of Java threads
#   Decrease Java thread stack sizes (-Xss)
#   Set larger code cache with -XX:ReservedCodeCacheSize=
# This output file may be truncated or incomplete.
#
#  Out of Memory Error (os_linux.cpp:2627), pid=8336, tid=139833936107264
#
# JRE version: Java(TM) SE Runtime Environment (8.0_74-b02) (build 1.8.0_74-b02)
# Java VM: Java HotSpot(TM) 64-Bit Server VM (25.74-b02 mixed mode linux-amd64 compressed oops)
# Failed to write core dump. Core dumps have been disabled. To enable core dumping, try "ulimit -c unlimited" before starting Java again
#

---------------  T H R E A D  ---------------

Current thread (0x00007f2db0078000):  VMThread [stack: 0x00007f2da006d000,0x00007f2da016e000] [id=8346]

Stack: [0x00007f2da006d000,0x00007f2da016e000],  sp=0x00007f2da016c0e0,  free space=1020k
Native frames: (J=compiled Java code, j=interpreted, Vv=VM code, C=native code)
V  [libjvm.so+0xaba7ea]  VMError::report_and_die()+0x2ba
V  [libjvm.so+0x4f9e3b]  report_vm_out_of_memory(char const*, int, unsigned long, VMErrorType, char const*)+0x8b
V  [libjvm.so+0x91b613]  os::Linux::commit_memory_impl(char*, unsigned long, bool)+0x103
V  [libjvm.so+0x91bb69]  os::pd_commit_memory(char*, unsigned long, unsigned long, bool)+0x29
V  [libjvm.so+0x915e6a]  os::commit_memory(char*, unsigned long, unsigned long, bool)+0x2a
V  [libjvm.so+0x989543]  PSVirtualSpace::expand_by(unsigned long)+0x53
V  [libjvm.so+0x98a948]  PSYoungGen::resize_generation(unsigned long, unsigned long)+0xf8
V  [libjvm.so+0x989aa2]  PSYoungGen::resize(unsigned long, unsigned long)+0x22
V  [libjvm.so+0x986d7b]  PSScavenge::invoke_no_policy()+0xf3b
V  [libjvm.so+0x987501]  PSScavenge::invoke()+0x41
V  [libjvm.so+0x93f300]  ParallelScavengeHeap::failed_mem_allocate(unsigned long)+0x70
V  [libjvm.so+0xabc207]  VM_ParallelGCFailedAllocation::doit()+0x97
V  [libjvm.so+0xac3c35]  VM_Operation::evaluate()+0x55
V  [libjvm.so+0xac200a]  VMThread::evaluate_operation(VM_Operation*)+0xba
V  [libjvm.so+0xac238e]  VMThread::loop()+0x1ce
V  [libjvm.so+0xac2800]  VMThread::run()+0x70
V  [libjvm.so+0x91d9d8]  java_start(Thread*)+0x108

VM_Operation (0x00007f2db88231b0): ParallelGCFailedAllocation, mode: safepoint, requested by thread 0x00007f2db000a800


---------------  P R O C E S S  ---------------

Java Threads: ( => current thread )
  0x00007f2db00c9000 JavaThread "Service Thread" daemon [_thread_blocked, id=8353, stack(0x00007f2d8d216000,0x00007f2d8d317000)]
  0x00007f2db00be000 JavaThread "C1 CompilerThread2" daemon [_thread_blocked, id=8352, stack(0x00007f2d8d317000,0x00007f2d8d418000)]
  0x00007f2db00bc000 JavaThread "C2 CompilerThread1" daemon [_thread_blocked, id=8351, stack(0x00007f2d8d418000,0x00007f2d8d519000)]
  0x00007f2db00b9000 JavaThread "C2 CompilerThread0" daemon [_thread_blocked, id=8350, stack(0x00007f2d8d519000,0x00007f2d8d61a000)]
  0x00007f2db00b7800 JavaThread "Signal Dispatcher" daemon [_thread_blocked, id=8349, stack(0x00007f2d8d61a000,0x00007f2d8d71b000)]
  0x00007f2db0084800 JavaThread "Finalizer" daemon [_thread_blocked, id=8348, stack(0x00007f2d8ddfe000,0x00007f2d8deff000)]
  0x00007f2db0080000 JavaThread "Reference Handler" daemon [_thread_blocked, id=8347, stack(0x00007f2d8deff000,0x00007f2d8e000000)]
  0x00007f2db000a800 JavaThread "main" [_thread_blocked, id=8341, stack(0x00007f2db8724000,0x00007f2db8825000)]

Other Threads:
=>0x00007f2db0078000 VMThread [stack: 0x00007f2da006d000,0x00007f2da016e000] [id=8346]
  0x00007f2db00cb800 WatcherThread [stack: 0x00007f2d8d115000,0x00007f2d8d216000] [id=8354]

VM state:at safepoint (normal execution)

VM Mutex/Monitor currently owned by a thread:  ([mutex/lock_event])
[0x00007f2db0006b30] Threads_lock - owner thread: 0x00007f2db0078000
[0x00007f2db0007030] Heap_lock - owner thread: 0x00007f2db000a800

Heap:
 PSYoungGen      total 80896K, used 3049K [0x00000000eab00000, 0x00000000efd00000, 0x0000000100000000)
  eden space 77824K, 0% used [0x00000000eab00000,0x00000000eab00000,0x00000000ef700000)
  from space 3072K, 99% used [0x00000000ef700000,0x00000000ef9fa7c0,0x00000000efa00000)
  to   space 3072K, 0% used [0x00000000efa00000,0x00000000efa00000,0x00000000efd00000)
 ParOldGen       total 52224K, used 43733K [0x00000000c0000000, 0x00000000c3300000, 0x00000000eab00000)
  object space 52224K, 83% used [0x00000000c0000000,0x00000000c2ab5618,0x00000000c3300000)
 Metaspace       used 7666K, capacity 7876K, committed 8064K, reserved 1056768K
  class space    used 783K, capacity 820K, committed 896K, reserved 1048576K

Card table byte_map: [0x00007f2db52ea000,0x00007f2db54eb000] byte_map_base: 0x00007f2db4cea000

Marking Bits: (ParMarkBitMap*) 0x00007f2db7c00260
 Begin Bits: [0x00007f2d8e000000, 0x00007f2d8f000000)
 End Bits:   [0x00007f2d8f000000, 0x00007f2d90000000)

Polling page: 0x00007f2db8847000

CodeCache: size=245760Kb used=5287Kb max_used=5301Kb free=240472Kb
 bounds [0x00007f2da1000000, 0x00007f2da1540000, 0x00007f2db0000000]
 total_blobs=2118 nmethods=1820 adapters=212
 compilation: enabled

Compilation events (10 events):
Event: 3,612 Thread 0x00007f2db00be000 1868       3       com.android.dex.EncodedValueReader::readLong (23 bytes)
Event: 3,612 Thread 0x00007f2db00be000 nmethod 1868 0x00007f2da15214d0 code [0x00007f2da1521640, 0x00007f2da1521818]
Event: 3,616 Thread 0x00007f2db00be000 1873       3       java.util.TimSort::ensureCapacity (107 bytes)
Event: 3,617 Thread 0x00007f2db00be000 nmethod 1873 0x00007f2da1520b90 code [0x00007f2da1520d40, 0x00007f2da1521318]
Event: 3,617 Thread 0x00007f2db00be000 1874       3       java.util.TimSort::mergeLo (659 bytes)
Event: 3,621 Thread 0x00007f2db00be000 nmethod 1874 0x00007f2da1526c50 code [0x00007f2da1526f80, 0x00007f2da1529078]
Event: 3,639 Thread 0x00007f2db00bc000 nmethod 1864 0x00007f2da152f3d0 code [0x00007f2da152f5c0, 0x00007f2da152ff38]
Event: 3,639 Thread 0x00007f2db00bc000 1879       4       com.android.dex.Dex$Section::readMethods (59 bytes)
Event: 3,680 Thread 0x00007f2db00bc000 nmethod 1879 0x00007f2da152c510 code [0x00007f2da152c6c0, 0x00007f2da152d578]
Event: 3,680 Thread 0x00007f2db00bc000 1880       4       com.android.dx.merge.DexMerger::transformMethods (126 bytes)

GC Heap History (9 events):
Event: 1,334 GC heap before
{Heap before GC invocations=1 (full 0):
 PSYoungGen      total 22528K, used 19456K [0x00000000eab00000, 0x00000000ec400000, 0x0000000100000000)
  eden space 19456K, 100% used [0x00000000eab00000,0x00000000ebe00000,0x00000000ebe00000)
  from space 3072K, 0% used [0x00000000ec100000,0x00000000ec100000,0x00000000ec400000)
  to   space 3072K, 0% used [0x00000000ebe00000,0x00000000ebe00000,0x00000000ec100000)
 ParOldGen       total 52224K, used 0K [0x00000000c0000000, 0x00000000c3300000, 0x00000000eab00000)
  object space 52224K, 0% used [0x00000000c0000000,0x00000000c0000000,0x00000000c3300000)
 Metaspace       used 5448K, capacity 6704K, committed 6784K, reserved 1056768K
  class space    used 568K, capacity 616K, committed 640K, reserved 1048576K
Event: 1,350 GC heap after
Heap after GC invocations=1 (full 0):
 PSYoungGen      total 22528K, used 3068K [0x00000000eab00000, 0x00000000ed700000, 0x0000000100000000)
  eden space 19456K, 0% used [0x00000000eab00000,0x00000000eab00000,0x00000000ebe00000)
  from space 3072K, 99% used [0x00000000ebe00000,0x00000000ec0ff188,0x00000000ec100000)
  to   space 3072K, 0% used [0x00000000ed400000,0x00000000ed400000,0x00000000ed700000)
 ParOldGen       total 52224K, used 2469K [0x00000000c0000000, 0x00000000c3300000, 0x00000000eab00000)
  object space 52224K, 4% used [0x00000000c0000000,0x00000000c0269768,0x00000000c3300000)
 Metaspace       used 5448K, capacity 6704K, committed 6784K, reserved 1056768K
  class space    used 568K, capacity 616K, committed 640K, reserved 1048576K
}
Event: 2,184 GC heap before
{Heap before GC invocations=2 (full 0):
 PSYoungGen      total 22528K, used 22524K [0x00000000eab00000, 0x00000000ed700000, 0x0000000100000000)
  eden space 19456K, 100% used [0x00000000eab00000,0x00000000ebe00000,0x00000000ebe00000)
  from space 3072K, 99% used [0x00000000ebe00000,0x00000000ec0ff188,0x00000000ec100000)
  to   space 3072K, 0% used [0x00000000ed400000,0x00000000ed400000,0x00000000ed700000)
 ParOldGen       total 52224K, used 2469K [0x00000000c0000000, 0x00000000c3300000, 0x00000000eab00000)
  object space 52224K, 4% used [0x00000000c0000000,0x00000000c0269768,0x00000000c3300000)
 Metaspace       used 7472K, capacity 7748K, committed 8064K, reserved 1056768K
  class space    used 783K, capacity 820K, committed 896K, reserved 1048576K
Event: 2,198 GC heap after
Heap after GC invocations=2 (full 0):
 PSYoungGen      total 41984K, used 3059K [0x00000000eab00000, 0x00000000ed700000, 0x0000000100000000)
  eden space 38912K, 0% used [0x00000000eab00000,0x00000000eab00000,0x00000000ed100000)
  from space 3072K, 99% used [0x00000000ed400000,0x00000000ed6fcdc8,0x00000000ed700000)
  to   space 3072K, 0% used [0x00000000ed100000,0x00000000ed100000,0x00000000ed400000)
 ParOldGen       total 52224K, used 7252K [0x00000000c0000000, 0x00000000c3300000, 0x00000000eab00000)
  object space 52224K, 13% used [0x00000000c0000000,0x00000000c0715058,0x00000000c3300000)
 Metaspace       used 7472K, capacity 7748K, committed 8064K, reserved 1056768K
  class space    used 783K, capacity 820K, committed 896K, reserved 1048576K
}
Event: 2,770 GC heap before
{Heap before GC invocations=3 (full 0):
 PSYoungGen      total 41984K, used 41971K [0x00000000eab00000, 0x00000000ed700000, 0x0000000100000000)
  eden space 38912K, 100% used [0x00000000eab00000,0x00000000ed100000,0x00000000ed100000)
  from space 3072K, 99% used [0x00000000ed400000,0x00000000ed6fcdc8,0x00000000ed700000)
  to   space 3072K, 0% used [0x00000000ed100000,0x00000000ed100000,0x00000000ed400000)
 ParOldGen       total 52224K, used 7252K [0x00000000c0000000, 0x00000000c3300000, 0x00000000eab00000)
  object space 52224K, 13% used [0x00000000c0000000,0x00000000c0715058,0x00000000c3300000)
 Metaspace       used 7636K, capacity 7876K, committed 8064K, reserved 1056768K
  class space    used 783K, capacity 820K, committed 896K, reserved 1048576K
Event: 2,794 GC heap after
Heap after GC invocations=3 (full 0):
 PSYoungGen      total 41984K, used 3052K [0x00000000eab00000, 0x00000000efd00000, 0x0000000100000000)
  eden space 38912K, 0% used [0x00000000eab00000,0x00000000eab00000,0x00000000ed100000)
  from space 3072K, 99% used [0x00000000ed100000,0x00000000ed3fb158,0x00000000ed400000)
  to   space 3072K, 0% used [0x00000000efa00000,0x00000000efa00000,0x00000000efd00000)
 ParOldGen       total 52224K, used 12241K [0x00000000c0000000, 0x00000000c3300000, 0x00000000eab00000)
  object space 52224K, 23% used [0x00000000c0000000,0x00000000c0bf46e8,0x00000000c3300000)
 Metaspace       used 7636K, capacity 7876K, committed 8064K, reserved 1056768K
  class space    used 783K, capacity 820K, committed 896K, reserved 1048576K
}
Event: 3,057 GC heap before
{Heap before GC invocations=4 (full 0):
 PSYoungGen      total 41984K, used 41964K [0x00000000eab00000, 0x00000000efd00000, 0x0000000100000000)
  eden space 38912K, 100% used [0x00000000eab00000,0x00000000ed100000,0x00000000ed100000)
  from space 3072K, 99% used [0x00000000ed100000,0x00000000ed3fb158,0x00000000ed400000)
  to   space 3072K, 0% used [0x00000000efa00000,0x00000000efa00000,0x00000000efd00000)
 ParOldGen       total 52224K, used 12241K [0x00000000c0000000, 0x00000000c3300000, 0x00000000eab00000)
  object space 52224K, 23% used [0x00000000c0000000,0x00000000c0bf46e8,0x00000000c3300000)
 Metaspace       used 7661K, capacity 7876K, committed 8064K, reserved 1056768K
  class space    used 783K, capacity 820K, committed 896K, reserved 1048576K
Event: 3,099 GC heap after
Heap after GC invocations=4 (full 0):
 PSYoungGen      total 80896K, used 3069K [0x00000000eab00000, 0x00000000efd00000, 0x0000000100000000)
  eden space 77824K, 0% used [0x00000000eab00000,0x00000000eab00000,0x00000000ef700000)
  from space 3072K, 99% used [0x00000000efa00000,0x00000000efcff738,0x00000000efd00000)
  to   space 3072K, 0% used [0x00000000ef700000,0x00000000ef700000,0x00000000efa00000)
 ParOldGen       total 52224K, used 21443K [0x00000000c0000000, 0x00000000c3300000, 0x00000000eab00000)
  object space 52224K, 41% used [0x00000000c0000000,0x00000000c14f0d98,0x00000000c3300000)
 Metaspace       used 7661K, capacity 7876K, committed 8064K, reserved 1056768K
  class space    used 783K, capacity 820K, committed 896K, reserved 1048576K
}
Event: 3,680 GC heap before
{Heap before GC invocations=5 (full 0):
 PSYoungGen      total 80896K, used 80893K [0x00000000eab00000, 0x00000000efd00000, 0x0000000100000000)
  eden space 77824K, 100% used [0x00000000eab00000,0x00000000ef700000,0x00000000ef700000)
  from space 3072K, 99% used [0x00000000efa00000,0x00000000efcff738,0x00000000efd00000)
  to   space 3072K, 0% used [0x00000000ef700000,0x00000000ef700000,0x00000000efa00000)
 ParOldGen       total 52224K, used 21443K [0x00000000c0000000, 0x00000000c3300000, 0x00000000eab00000)
  object space 52224K, 41% used [0x00000000c0000000,0x00000000c14f0d98,0x00000000c3300000)
 Metaspace       used 7666K, capacity 7876K, committed 8064K, reserved 1056768K
  class space    used 783K, capacity 820K, committed 896K, reserved 1048576K

Deoptimization events (10 events):
Event: 1,881 Thread 0x00007f2db000a800 Uncommon trap: reason=class_check action=maybe_recompile pc=0x00007f2da1342408 method=com.android.dex.Leb128.writeUnsignedLeb128(Lcom/android/dex/util/ByteOutput;I)V @ 40
Event: 1,881 Thread 0x00007f2db000a800 Uncommon trap: reason=class_check action=maybe_recompile pc=0x00007f2da1342408 method=com.android.dex.Leb128.writeUnsignedLeb128(Lcom/android/dex/util/ByteOutput;I)V @ 40
Event: 1,947 Thread 0x00007f2db000a800 Uncommon trap: reason=unstable_if action=reinterpret pc=0x00007f2da1350cf8 method=java.util.HashMap.putVal(ILjava/lang/Object;Ljava/lang/Object;ZZ)Ljava/lang/Object; @ 162
Event: 1,967 Thread 0x00007f2db000a800 Uncommon trap: reason=predicate action=maybe_recompile pc=0x00007f2da13777cc method=com.android.dex.Leb128.writeUnsignedLeb128(Lcom/android/dex/util/ByteOutput;I)V @ 9
Event: 2,112 Thread 0x00007f2db000a800 Uncommon trap: reason=unstable_if action=reinterpret pc=0x00007f2da11b5638 method=sun.misc.MetaIndex.mayContain(Ljava/lang/String;)Z @ 13
Event: 2,157 Thread 0x00007f2db000a800 Uncommon trap: reason=unstable_if action=reinterpret pc=0x00007f2da13d4600 method=sun.misc.MetaIndex.mayContain(Ljava/lang/String;)Z @ 38
Event: 2,231 Thread 0x00007f2db000a800 Uncommon trap: reason=predicate action=maybe_recompile pc=0x00007f2da13c2b18 method=com.android.dex.Leb128.readUnsignedLeb128(Lcom/android/dex/util/ByteInput;)I @ 41
Event: 2,386 Thread 0x00007f2db000a800 Uncommon trap: reason=unstable_if action=reinterpret pc=0x00007f2da1299e78 method=java.util.HashMap.getNode(ILjava/lang/Object;)Ljava/util/HashMap$Node; @ 84
Event: 2,387 Thread 0x00007f2db000a800 Uncommon trap: reason=unstable_if action=reinterpret pc=0x00007f2da129a4ac method=java.util.HashMap.getNode(ILjava/lang/Object;)Ljava/util/HashMap$Node; @ 84
Event: 2,473 Thread 0x00007f2db000a800 Uncommon trap: reason=unstable_if action=reinterpret pc=0x00007f2da127b39c method=java.lang.Long.numberOfTrailingZeros(J)I @ 3

Internal exceptions (6 events):
Event: 0,222 Thread 0x00007f2db000a800 Exception <a 'java/lang/NoSuchMethodError': Method sun.misc.Unsafe.defineClass(Ljava/lang/String;[BII)Ljava/lang/Class; name or signature does not match> (0x00000000eab07cc0) thrown at [/HUDSON3/workspace/8-2-build-linux-amd64/jdk8u74/6087/hotspot/src/sha
Event: 0,223 Thread 0x00007f2db000a800 Exception <a 'java/lang/NoSuchMethodError': Method sun.misc.Unsafe.prefetchRead(Ljava/lang/Object;J)V name or signature does not match> (0x00000000eab07fa8) thrown at [/HUDSON3/workspace/8-2-build-linux-amd64/jdk8u74/6087/hotspot/src/share/vm/prims/jni.cp
Event: 2,113 Thread 0x00007f2db000a800 Exception <a 'java/security/PrivilegedActionException'> (0x00000000ebcc5b90) thrown at [/HUDSON3/workspace/8-2-build-linux-amd64/jdk8u74/6087/hotspot/src/share/vm/prims/jvm.cpp, line 1386]
Event: 2,113 Thread 0x00007f2db000a800 Exception <a 'java/security/PrivilegedActionException'> (0x00000000ebcc5f88) thrown at [/HUDSON3/workspace/8-2-build-linux-amd64/jdk8u74/6087/hotspot/src/share/vm/prims/jvm.cpp, line 1386]
Event: 2,113 Thread 0x00007f2db000a800 Exception <a 'java/security/PrivilegedActionException'> (0x00000000ebcc8828) thrown at [/HUDSON3/workspace/8-2-build-linux-amd64/jdk8u74/6087/hotspot/src/share/vm/prims/jvm.cpp, line 1386]
Event: 2,113 Thread 0x00007f2db000a800 Exception <a 'java/security/PrivilegedActionException'> (0x00000000ebcc8c20) thrown at [/HUDSON3/workspace/8-2-build-linux-amd64/jdk8u74/6087/hotspot/src/share/vm/prims/jvm.cpp, line 1386]

Events (10 events):
Event: 3,132 Thread 0x00007f2db000a800 DEOPT UNPACKING pc=0x00007f2da1047233 sp=0x00007f2db8822f70 mode 0
Event: 3,418 loading class com/android/dex/Dex$1
Event: 3,418 loading class com/android/dex/Dex$1 done
Event: 3,456 Thread 0x00007f2db000a800 DEOPT PACKING pc=0x00007f2da14b2daa sp=0x00007f2db88233e0
Event: 3,456 Thread 0x00007f2db000a800 DEOPT UNPACKING pc=0x00007f2da1047233 sp=0x00007f2db8823108 mode 0
Event: 3,462 Thread 0x00007f2db000a800 DEOPT PACKING pc=0x00007f2da1489986 sp=0x00007f2db8823390
Event: 3,462 Thread 0x00007f2db000a800 DEOPT UNPACKING pc=0x00007f2da1047233 sp=0x00007f2db88230d0 mode 0
Event: 3,537 Thread 0x00007f2db000a800 DEOPT PACKING pc=0x00007f2da1491df9 sp=0x00007f2db88234c0
Event: 3,537 Thread 0x00007f2db000a800 DEOPT UNPACKING pc=0x00007f2da1047233 sp=0x00007f2db8823260 mode 0
Event: 3,680 Executing VM operation: ParallelGCFailedAllocation


Dynamic libraries:
00400000-00401000 r-xp 00000000 08:02 2375199                            /usr/lib/jvm/java-8-oracle/bin/java
00600000-00601000 rw-p 00000000 08:02 2375199                            /usr/lib/jvm/java-8-oracle/bin/java
00e66000-00e87000 rw-p 00000000 00:00 0                                  [heap]
c0000000-c3300000 rw-p 00000000 00:00 0 
c3300000-eab00000 ---p 00000000 00:00 0 
eab00000-efd00000 rw-p 00000000 00:00 0 
f7100000-100000000 ---p 00000000 00:00 0 
100000000-1000e0000 rw-p 00000000 00:00 0 
1000e0000-140000000 ---p 00000000 00:00 0 
7f2d50000000-7f2d50021000 rw-p 00000000 00:00 0 
7f2d50021000-7f2d54000000 ---p 00000000 00:00 0 
7f2d58000000-7f2d58021000 rw-p 00000000 00:00 0 
7f2d58021000-7f2d5c000000 ---p 00000000 00:00 0 
7f2d5c000000-7f2d5c021000 rw-p 00000000 00:00 0 
7f2d5c021000-7f2d60000000 ---p 00000000 00:00 0 
7f2d60000000-7f2d60040000 rw-p 00000000 00:00 0 
7f2d60040000-7f2d64000000 ---p 00000000 00:00 0 
7f2d64000000-7f2d64021000 rw-p 00000000 00:00 0 
7f2d64021000-7f2d68000000 ---p 00000000 00:00 0 
7f2d68000000-7f2d68021000 rw-p 00000000 00:00 0 
7f2d68021000-7f2d6c000000 ---p 00000000 00:00 0 
7f2d6c000000-7f2d6c021000 rw-p 00000000 00:00 0 
7f2d6c021000-7f2d70000000 ---p 00000000 00:00 0 
7f2d70000000-7f2d70a93000 rw-p 00000000 00:00 0 
7f2d70a93000-7f2d74000000 ---p 00000000 00:00 0 
7f2d74000000-7f2d74697000 rw-p 00000000 00:00 0 
7f2d74697000-7f2d78000000 ---p 00000000 00:00 0 
7f2d78000000-7f2d78021000 rw-p 00000000 00:00 0 
7f2d78021000-7f2d7c000000 ---p 00000000 00:00 0 
7f2d7c000000-7f2d7c8a0000 rw-p 00000000 00:00 0 
7f2d7c8a0000-7f2d80000000 ---p 00000000 00:00 0 
7f2d80000000-7f2d80021000 rw-p 00000000 00:00 0 
7f2d80021000-7f2d84000000 ---p 00000000 00:00 0 
7f2d84000000-7f2d84021000 rw-p 00000000 00:00 0 
7f2d84021000-7f2d88000000 ---p 00000000 00:00 0 
7f2d88000000-7f2d8828c000 rw-p 00000000 00:00 0 
7f2d8828c000-7f2d8c000000 ---p 00000000 00:00 0 
7f2d8cc10000-7f2d8cc13000 ---p 00000000 00:00 0 
7f2d8cc13000-7f2d8cd11000 rw-p 00000000 00:00 0 
7f2d8cd11000-7f2d8cd14000 ---p 00000000 00:00 0 
7f2d8cd14000-7f2d8ce12000 rw-p 00000000 00:00 0 
7f2d8ce12000-7f2d8ce15000 ---p 00000000 00:00 0 
7f2d8ce15000-7f2d8cf13000 rw-p 00000000 00:00 0 
7f2d8cf13000-7f2d8cf16000 ---p 00000000 00:00 0 
7f2d8cf16000-7f2d8d014000 rw-p 00000000 00:00 0 
7f2d8d014000-7f2d8d017000 ---p 00000000 00:00 0 
7f2d8d017000-7f2d8d115000 rw-p 00000000 00:00 0 
7f2d8d115000-7f2d8d116000 ---p 00000000 00:00 0 
7f2d8d116000-7f2d8d216000 rw-p 00000000 00:00 0                          [stack:8354]
7f2d8d216000-7f2d8d219000 ---p 00000000 00:00 0 
7f2d8d219000-7f2d8d317000 rw-p 00000000 00:00 0                          [stack:8353]
7f2d8d317000-7f2d8d31a000 ---p 00000000 00:00 0 
7f2d8d31a000-7f2d8d418000 rw-p 00000000 00:00 0                          [stack:8352]
7f2d8d418000-7f2d8d41b000 ---p 00000000 00:00 0 
7f2d8d41b000-7f2d8d519000 rw-p 00000000 00:00 0                          [stack:8351]
7f2d8d519000-7f2d8d51c000 ---p 00000000 00:00 0 
7f2d8d51c000-7f2d8d61a000 rw-p 00000000 00:00 0                          [stack:8350]
7f2d8d61a000-7f2d8d61d000 ---p 00000000 00:00 0 
7f2d8d61d000-7f2d8d71b000 rw-p 00000000 00:00 0                          [stack:8349]
7f2d8d71b000-7f2d8ddfe000 r--p 00000000 08:02 400674                     /usr/lib/locale/locale-archive
7f2d8ddfe000-7f2d8de01000 ---p 00000000 00:00 0 
7f2d8de01000-7f2d8deff000 rw-p 00000000 00:00 0                          [stack:8348]
7f2d8deff000-7f2d8df02000 ---p 00000000 00:00 0 
7f2d8df02000-7f2d90000000 rw-p 00000000 00:00 0                          [stack:8347]
7f2d90000000-7f2d90021000 rw-p 00000000 00:00 0 
7f2d90021000-7f2d94000000 ---p 00000000 00:00 0 
7f2d94000000-7f2d94021000 rw-p 00000000 00:00 0 
7f2d94021000-7f2d98000000 ---p 00000000 00:00 0 
7f2d98000000-7f2d98021000 rw-p 00000000 00:00 0 
7f2d98021000-7f2d9c000000 ---p 00000000 00:00 0 
7f2d9c000000-7f2d9c021000 rw-p 00000000 00:00 0 
7f2d9c021000-7f2da0000000 ---p 00000000 00:00 0 
7f2da006d000-7f2da006e000 ---p 00000000 00:00 0 
7f2da006e000-7f2da1000000 rw-p 00000000 00:00 0                          [stack:8346]
7f2da1000000-7f2da1540000 rwxp 00000000 00:00 0 
7f2da1540000-7f2db0000000 ---p 00000000 00:00 0 
7f2db0000000-7f2db039c000 rw-p 00000000 00:00 0 
7f2db039c000-7f2db4000000 ---p 00000000 00:00 0 
7f2db4007000-7f2db4011000 r--s 00116000 08:02 2622511                    /usr/lib/jvm/java-8-oracle/jre/lib/ext/localedata.jar
7f2db4011000-7f2db4020000 r--s 000df000 08:02 810865                     /root/Android/Sdk/build-tools/23.0.1/lib/dx.jar
7f2db4020000-7f2db4142000 rw-p 00000000 00:00 0 
7f2db4142000-7f2db431a000 r--s 03d1d000 08:02 2622546                    /usr/lib/jvm/java-8-oracle/jre/lib/rt.jar
7f2db431a000-7f2db4a90000 rw-p 00000000 00:00 0 
7f2db4a90000-7f2db4b90000 ---p 00000000 00:00 0 
7f2db4b90000-7f2db4d90000 rw-p 00000000 00:00 0 
7f2db4d90000-7f2db4d91000 ---p 00000000 00:00 0 
7f2db4d91000-7f2db4e91000 rw-p 00000000 00:00 0                          [stack:8345]
7f2db4e91000-7f2db4e92000 ---p 00000000 00:00 0 
7f2db4e92000-7f2db4f92000 rw-p 00000000 00:00 0                          [stack:8344]
7f2db4f92000-7f2db4f93000 ---p 00000000 00:00 0 
7f2db4f93000-7f2db5093000 rw-p 00000000 00:00 0                          [stack:8343]
7f2db5093000-7f2db5094000 ---p 00000000 00:00 0 
7f2db5094000-7f2db51ae000 rw-p 00000000 00:00 0                          [stack:8342]
7f2db51ae000-7f2db52ea000 ---p 00000000 00:00 0 
7f2db52ea000-7f2db5304000 rw-p 00000000 00:00 0 
7f2db5304000-7f2db543f000 ---p 00000000 00:00 0 
7f2db543f000-7f2db5469000 rw-p 00000000 00:00 0 
7f2db5469000-7f2db54ea000 ---p 00000000 00:00 0 
7f2db54ea000-7f2db5500000 rw-p 00000000 00:00 0 
7f2db5500000-7f2db58ab000 ---p 00000000 00:00 0 
7f2db58ab000-7f2db58c5000 r-xp 00000000 08:02 2622383                    /usr/lib/jvm/java-8-oracle/jre/lib/amd64/libzip.so
7f2db58c5000-7f2db5ac5000 ---p 0001a000 08:02 2622383                    /usr/lib/jvm/java-8-oracle/jre/lib/amd64/libzip.so
7f2db5ac5000-7f2db5ac6000 rw-p 0001a000 08:02 2622383                    /usr/lib/jvm/java-8-oracle/jre/lib/amd64/libzip.so
7f2db5ac6000-7f2db5ad1000 r-xp 00000000 08:02 1837531                    /lib/x86_64-linux-gnu/libnss_files-2.19.so
7f2db5ad1000-7f2db5cd0000 ---p 0000b000 08:02 1837531                    /lib/x86_64-linux-gnu/libnss_files-2.19.so
7f2db5cd0000-7f2db5cd1000 r--p 0000a000 08:02 1837531                    /lib/x86_64-linux-gnu/libnss_files-2.19.so
7f2db5cd1000-7f2db5cd2000 rw-p 0000b000 08:02 1837531                    /lib/x86_64-linux-gnu/libnss_files-2.19.so
7f2db5cd2000-7f2db5cdd000 r-xp 00000000 08:02 1837515                    /lib/x86_64-linux-gnu/libnss_nis-2.19.so
7f2db5cdd000-7f2db5edc000 ---p 0000b000 08:02 1837515                    /lib/x86_64-linux-gnu/libnss_nis-2.19.so
7f2db5edc000-7f2db5edd000 r--p 0000a000 08:02 1837515                    /lib/x86_64-linux-gnu/libnss_nis-2.19.so
7f2db5edd000-7f2db5ede000 rw-p 0000b000 08:02 1837515                    /lib/x86_64-linux-gnu/libnss_nis-2.19.so
7f2db5ede000-7f2db5ef5000 r-xp 00000000 08:02 1837507                    /lib/x86_64-linux-gnu/libnsl-2.19.so
7f2db5ef5000-7f2db60f4000 ---p 00017000 08:02 1837507                    /lib/x86_64-linux-gnu/libnsl-2.19.so
7f2db60f4000-7f2db60f5000 r--p 00016000 08:02 1837507                    /lib/x86_64-linux-gnu/libnsl-2.19.so
7f2db60f5000-7f2db60f6000 rw-p 00017000 08:02 1837507                    /lib/x86_64-linux-gnu/libnsl-2.19.so
7f2db60f6000-7f2db60f8000 rw-p 00000000 00:00 0 
7f2db60f8000-7f2db6101000 r-xp 00000000 08:02 1837505                    /lib/x86_64-linux-gnu/libnss_compat-2.19.so
7f2db6101000-7f2db6300000 ---p 00009000 08:02 1837505                    /lib/x86_64-linux-gnu/libnss_compat-2.19.so
7f2db6300000-7f2db6301000 r--p 00008000 08:02 1837505                    /lib/x86_64-linux-gnu/libnss_compat-2.19.so
7f2db6301000-7f2db6302000 rw-p 00009000 08:02 1837505                    /lib/x86_64-linux-gnu/libnss_compat-2.19.so
7f2db6302000-7f2db632c000 r-xp 00000000 08:02 2622400                    /usr/lib/jvm/java-8-oracle/jre/lib/amd64/libjava.so
7f2db632c000-7f2db652c000 ---p 0002a000 08:02 2622400                    /usr/lib/jvm/java-8-oracle/jre/lib/amd64/libjava.so
7f2db652c000-7f2db652e000 rw-p 0002a000 08:02 2622400                    /usr/lib/jvm/java-8-oracle/jre/lib/amd64/libjava.so
7f2db652e000-7f2db653b000 r-xp 00000000 08:02 2622394                    /usr/lib/jvm/java-8-oracle/jre/lib/amd64/libverify.so
7f2db653b000-7f2db673b000 ---p 0000d000 08:02 2622394                    /usr/lib/jvm/java-8-oracle/jre/lib/amd64/libverify.so
7f2db673b000-7f2db673d000 rw-p 0000d000 08:02 2622394                    /usr/lib/jvm/java-8-oracle/jre/lib/amd64/libverify.so
7f2db673d000-7f2db6744000 r-xp 00000000 08:02 1837523                    /lib/x86_64-linux-gnu/librt-2.19.so
7f2db6744000-7f2db6943000 ---p 00007000 08:02 1837523                    /lib/x86_64-linux-gnu/librt-2.19.so
7f2db6943000-7f2db6944000 r--p 00006000 08:02 1837523                    /lib/x86_64-linux-gnu/librt-2.19.so
7f2db6944000-7f2db6945000 rw-p 00007000 08:02 1837523                    /lib/x86_64-linux-gnu/librt-2.19.so
7f2db6945000-7f2db6a4a000 r-xp 00000000 08:02 1837495                    /lib/x86_64-linux-gnu/libm-2.19.so
7f2db6a4a000-7f2db6c49000 ---p 00105000 08:02 1837495                    /lib/x86_64-linux-gnu/libm-2.19.so
7f2db6c49000-7f2db6c4a000 r--p 00104000 08:02 1837495                    /lib/x86_64-linux-gnu/libm-2.19.so
7f2db6c4a000-7f2db6c4b000 rw-p 00105000 08:02 1837495                    /lib/x86_64-linux-gnu/libm-2.19.so
7f2db6c4b000-7f2db790a000 r-xp 00000000 08:02 2622376                    /usr/lib/jvm/java-8-oracle/jre/lib/amd64/server/libjvm.so
7f2db790a000-7f2db7b09000 ---p 00cbf000 08:02 2622376                    /usr/lib/jvm/java-8-oracle/jre/lib/amd64/server/libjvm.so
7f2db7b09000-7f2db7be2000 rw-p 00cbe000 08:02 2622376                    /usr/lib/jvm/java-8-oracle/jre/lib/amd64/server/libjvm.so
7f2db7be2000-7f2db7c2b000 rw-p 00000000 00:00 0 
7f2db7c2b000-7f2db7de6000 r-xp 00000000 08:02 1837525                    /lib/x86_64-linux-gnu/libc-2.19.so
7f2db7de6000-7f2db7fe5000 ---p 001bb000 08:02 1837525                    /lib/x86_64-linux-gnu/libc-2.19.so
7f2db7fe5000-7f2db7fe9000 r--p 001ba000 08:02 1837525                    /lib/x86_64-linux-gnu/libc-2.19.so
7f2db7fe9000-7f2db7feb000 rw-p 001be000 08:02 1837525                    /lib/x86_64-linux-gnu/libc-2.19.so
7f2db7feb000-7f2db7ff0000 rw-p 00000000 00:00 0 
7f2db7ff0000-7f2db7ff3000 r-xp 00000000 08:02 1837499                    /lib/x86_64-linux-gnu/libdl-2.19.so
7f2db7ff3000-7f2db81f2000 ---p 00003000 08:02 1837499                    /lib/x86_64-linux-gnu/libdl-2.19.so
7f2db81f2000-7f2db81f3000 r--p 00002000 08:02 1837499                    /lib/x86_64-linux-gnu/libdl-2.19.so
7f2db81f3000-7f2db81f4000 rw-p 00003000 08:02 1837499                    /lib/x86_64-linux-gnu/libdl-2.19.so
7f2db81f4000-7f2db8209000 r-xp 00000000 08:02 2623227                    /usr/lib/jvm/java-8-oracle/lib/amd64/jli/libjli.so
7f2db8209000-7f2db8409000 ---p 00015000 08:02 2623227                    /usr/lib/jvm/java-8-oracle/lib/amd64/jli/libjli.so
7f2db8409000-7f2db840a000 rw-p 00015000 08:02 2623227                    /usr/lib/jvm/java-8-oracle/lib/amd64/jli/libjli.so
7f2db840a000-7f2db8423000 r-xp 00000000 08:02 1837509                    /lib/x86_64-linux-gnu/libpthread-2.19.so
7f2db8423000-7f2db8622000 ---p 00019000 08:02 1837509                    /lib/x86_64-linux-gnu/libpthread-2.19.so
7f2db8622000-7f2db8623000 r--p 00018000 08:02 1837509                    /lib/x86_64-linux-gnu/libpthread-2.19.so
7f2db8623000-7f2db8624000 rw-p 00019000 08:02 1837509                    /lib/x86_64-linux-gnu/libpthread-2.19.so
7f2db8624000-7f2db8628000 rw-p 00000000 00:00 0 
7f2db8628000-7f2db864b000 r-xp 00000000 08:02 1837511                    /lib/x86_64-linux-gnu/ld-2.19.so
7f2db864e000-7f2db8652000 r--s 00097000 08:02 2622520                    /usr/lib/jvm/java-8-oracle/jre/lib/jsse.jar
7f2db8652000-7f2db8724000 rw-p 00000000 00:00 0 
7f2db8724000-7f2db8727000 ---p 00000000 00:00 0 
7f2db8727000-7f2db883e000 rw-p 00000000 00:00 0                          [stack:8341]
7f2db883e000-7f2db8846000 rw-s 00000000 08:02 2376448                    /tmp/hsperfdata_root/8336
7f2db8846000-7f2db8847000 rw-p 00000000 00:00 0 
7f2db8847000-7f2db8848000 ---p 00000000 00:00 0 
7f2db8848000-7f2db884a000 rw-p 00000000 00:00 0 
7f2db884a000-7f2db884b000 r--p 00022000 08:02 1837511                    /lib/x86_64-linux-gnu/ld-2.19.so
7f2db884b000-7f2db884c000 rw-p 00023000 08:02 1837511                    /lib/x86_64-linux-gnu/ld-2.19.so
7f2db884c000-7f2db884d000 rw-p 00000000 00:00 0 
7ffd20c21000-7ffd20c42000 rw-p 00000000 00:00 0                          [stack]
7ffd20d49000-7ffd20d4b000 r--p 00000000 00:00 0                          [vvar]
7ffd20d4b000-7ffd20d4d000 r-xp 00000000 00:00 0                          [vdso]
ffffffffff600000-ffffffffff601000 r-xp 00000000 00:00 0                  [vsyscall]

VM Arguments:
jvm_args: -Xmx1024M -Dfile.encoding=UTF-8 -Duser.country=FR -Duser.language=fr -Duser.variant 
java_command: com.android.dx.command.Main --dex --num-threads=4 --output /root/AndroidStudioProjects/AuthApp/app/build/intermediates/dex/debug /root/AndroidStudioProjects/AuthApp/app/build/intermediates/classes/debug /root/AndroidStudioProjects/AuthApp/app/build/intermediates/pre-dexed/debug/support-annotations-23.1.0-aeef0f0bccd52a0e6450a31c4255f27a9fce49d5.jar /root/AndroidStudioProjects/AuthApp/app/build/intermediates/pre-dexed/debug/retrofit-1.9.0-535d3f0982c829a4064c138d803bde2b00b2ce0f.jar /root/AndroidStudioProjects/AuthApp/app/build/intermediates/pre-dexed/debug/gson-2.3.1-db347212bcda2648244d4b24078ad368b698503a.jar /root/AndroidStudioProjects/AuthApp/app/build/intermediates/pre-dexed/debug/classes-6fa0c1ba40f3924d8723ed42df2582d4825b3057.jar /root/AndroidStudioProjects/AuthApp/app/build/intermediates/pre-dexed/debug/internal_impl-23.1.0-106b72880d4ae0f53555ad949c1abee4dbff0ffa.jar /root/AndroidStudioProjects/AuthApp/app/build/intermediates/pre-dexed/debug/classes-7940dc918172729981fa31197c89f6dddd2c6157.jar /root/AndroidStudioProjects/AuthApp/app/build/intermediates/pre-dexed/debug/classes-1d3919ad0739fe9d82ffd54b004bc211ca852257.jar /root/AndroidStudioProjects/AuthApp/app/build/intermediates/pre-dexed/debug/classes-18c7eb39d7d488f22cb84801a6c9083ac884bd0f.jar
java_class_path (initial): /root/Android/Sdk/build-tools/23.0.1/lib/dx.jar
Launcher Type: SUN_STANDARD

Environment Variables:
PATH=/usr/local/sbin:/usr/local/bin:/usr/sbin:/usr/bin:/sbin:/bin:/usr/games:/usr/local/games
USERNAME=root
LD_LIBRARY_PATH=.:
SHELL=/bin/bash
DISPLAY=:0.0

Signal Handlers:
SIGSEGV: [libjvm.so+0xabb070], sa_mask[0]=11111111011111111101111111111110, sa_flags=SA_RESTART|SA_SIGINFO
SIGBUS: [libjvm.so+0xabb070], sa_mask[0]=11111111011111111101111111111110, sa_flags=SA_RESTART|SA_SIGINFO
SIGFPE: [libjvm.so+0x918480], sa_mask[0]=11111111011111111101111111111110, sa_flags=SA_RESTART|SA_SIGINFO
SIGPIPE: [libjvm.so+0x918480], sa_mask[0]=11111111011111111101111111111110, sa_flags=SA_RESTART|SA_SIGINFO
SIGXFSZ: [libjvm.so+0x918480], sa_mask[0]=11111111011111111101111111111110, sa_flags=SA_RESTART|SA_SIGINFO
SIGILL: [libjvm.so+0x918480], sa_mask[0]=11111111011111111101111111111110, sa_flags=SA_RESTART|SA_SIGINFO
SIGUSR1: SIG_DFL, sa_mask[0]=00000000000000000000000000000000, sa_flags=none
SIGUSR2: [libjvm.so+0x919ab0], sa_mask[0]=00100000000000000000000000000000, sa_flags=SA_RESTART|SA_SIGINFO
SIGHUP: [libjvm.so+0x91aeb0], sa_mask[0]=11111111011111111101111111111110, sa_flags=SA_RESTART|SA_SIGINFO
SIGINT: [libjvm.so+0x91aeb0], sa_mask[0]=11111111011111111101111111111110, sa_flags=SA_RESTART|SA_SIGINFO
SIGTERM: [libjvm.so+0x91aeb0], sa_mask[0]=11111111011111111101111111111110, sa_flags=SA_RESTART|SA_SIGINFO
SIGQUIT: [libjvm.so+0x91aeb0], sa_mask[0]=11111111011111111101111111111110, sa_flags=SA_RESTART|SA_SIGINFO


---------------  S Y S T E M  ---------------

OS:DISTRIB_ID=Ubuntu
DISTRIB_RELEASE=14.04
DISTRIB_CODENAME=trusty
DISTRIB_DESCRIPTION="Ubuntu 14.04.4 LTS"

uname:Linux 3.19.0-54-generic #60~14.04.1-Ubuntu SMP Thu Mar 3 10:52:57 UTC 2016 x86_64
libc:glibc 2.19 NPTL 2.19 
rlimit: STACK 8192k, CORE 0k, NPROC 18949, NOFILE 4096, AS infinity
load average:0,92 0,47 0,37

/proc/meminfo:
MemTotal:        4872352 kB
MemFree:          111832 kB
MemAvailable:      62908 kB
Buffers:            1468 kB
Cached:           306832 kB
SwapCached:            0 kB
Active:          4280780 kB
Inactive:         290804 kB
Active(anon):    4269304 kB
Inactive(anon):   265408 kB
Active(file):      11476 kB
Inactive(file):    25396 kB
Unevictable:          48 kB
Mlocked:              48 kB
SwapTotal:             0 kB
SwapFree:              0 kB
Dirty:               516 kB
Writeback:             0 kB
AnonPages:       4263444 kB
Mapped:            81648 kB
Shmem:            271316 kB
Slab:              71028 kB
SReclaimable:      34212 kB
SUnreclaim:        36816 kB
KernelStack:       11584 kB
PageTables:        57904 kB
NFS_Unstable:          0 kB
Bounce:                0 kB
WritebackTmp:          0 kB
CommitLimit:     2436176 kB
Committed_AS:   10607548 kB
VmallocTotal:   34359738367 kB
VmallocUsed:      552260 kB
VmallocChunk:   34359176668 kB
HardwareCorrupted:     0 kB
AnonHugePages:   1658880 kB
CmaTotal:              0 kB
CmaFree:               0 kB
HugePages_Total:       0
HugePages_Free:        0
HugePages_Rsvd:        0
HugePages_Surp:        0
Hugepagesize:       2048 kB
DirectMap4k:      198912 kB
DirectMap2M:     4837376 kB


CPU:total 4 (2 cores per cpu, 2 threads per core) family 6 model 37 stepping 2, cmov, cx8, fxsr, mmx, sse, sse2, sse3, ssse3, sse4.1, sse4.2, popcnt, ht, tsc, tscinvbit

/proc/cpuinfo:
processor	: 0
vendor_id	: GenuineIntel
cpu family	: 6
model		: 37
model name	: Intel(R) Core(TM) i3 CPU       M 330  @ 2.13GHz
stepping	: 2
microcode	: 0x9
cpu MHz		: 2133.000
cache size	: 3072 KB
physical id	: 0
siblings	: 4
core id		: 0
cpu cores	: 2
apicid		: 0
initial apicid	: 0
fpu		: yes
fpu_exception	: yes
cpuid level	: 11
wp		: yes
flags		: fpu vme de pse tsc msr pae mce cx8 apic sep mtrr pge mca cmov pat pse36 clflush dts acpi mmx fxsr sse sse2 ss ht tm pbe syscall nx rdtscp lm constant_tsc arch_perfmon pebs bts rep_good nopl xtopology nonstop_tsc aperfmperf pni dtes64 monitor ds_cpl vmx est tm2 ssse3 cx16 xtpr pdcm sse4_1 sse4_2 popcnt lahf_lm arat dtherm tpr_shadow vnmi flexpriority ept vpid
bugs		:
bogomips	: 4256.02
clflush size	: 64
cache_alignment	: 64
address sizes	: 36 bits physical, 48 bits virtual
power management:

processor	: 1
vendor_id	: GenuineIntel
cpu family	: 6
model		: 37
model name	: Intel(R) Core(TM) i3 CPU       M 330  @ 2.13GHz
stepping	: 2
microcode	: 0x9
cpu MHz		: 933.000
cache size	: 3072 KB
physical id	: 0
siblings	: 4
core id		: 0
cpu cores	: 2
apicid		: 1
initial apicid	: 1
fpu		: yes
fpu_exception	: yes
cpuid level	: 11
wp		: yes
flags		: fpu vme de pse tsc msr pae mce cx8 apic sep mtrr pge mca cmov pat pse36 clflush dts acpi mmx fxsr sse sse2 ss ht tm pbe syscall nx rdtscp lm constant_tsc arch_perfmon pebs bts rep_good nopl xtopology nonstop_tsc aperfmperf pni dtes64 monitor ds_cpl vmx est tm2 ssse3 cx16 xtpr pdcm sse4_1 sse4_2 popcnt lahf_lm arat dtherm tpr_shadow vnmi flexpriority ept vpid
bugs		:
bogomips	: 4256.02
clflush size	: 64
cache_alignment	: 64
address sizes	: 36 bits physical, 48 bits virtual
power management:

processor	: 2
vendor_id	: GenuineIntel
cpu family	: 6
model		: 37
model name	: Intel(R) Core(TM) i3 CPU       M 330  @ 2.13GHz
stepping	: 2
microcode	: 0x9
cpu MHz		: 2133.000
cache size	: 3072 KB
physical id	: 0
siblings	: 4
core id		: 2
cpu cores	: 2
apicid		: 4
initial apicid	: 4
fpu		: yes
fpu_exception	: yes
cpuid level	: 11
wp		: yes
flags		: fpu vme de pse tsc msr pae mce cx8 apic sep mtrr pge mca cmov pat pse36 clflush dts acpi mmx fxsr sse sse2 ss ht tm pbe syscall nx rdtscp lm constant_tsc arch_perfmon pebs bts rep_good nopl xtopology nonstop_tsc aperfmperf pni dtes64 monitor ds_cpl vmx est tm2 ssse3 cx16 xtpr pdcm sse4_1 sse4_2 popcnt lahf_lm arat dtherm tpr_shadow vnmi flexpriority ept vpid
bugs		:
bogomips	: 4256.02
clflush size	: 64
cache_alignment	: 64
address sizes	: 36 bits physical, 48 bits virtual
power management:

processor	: 3
vendor_id	: GenuineIntel
cpu family	: 6
model		: 37
model name	: Intel(R) Core(TM) i3 CPU       M 330  @ 2.13GHz
stepping	: 2
microcode	: 0x9
cpu MHz		: 2133.000
cache size	: 3072 KB
physical id	: 0
siblings	: 4
core id		: 2
cpu cores	: 2
apicid		: 5
initial apicid	: 5
fpu		: yes
fpu_exception	: yes
cpuid level	: 11
wp		: yes
flags		: fpu vme de pse tsc msr pae mce cx8 apic sep mtrr pge mca cmov pat pse36 clflush dts acpi mmx fxsr sse sse2 ss ht tm pbe syscall nx rdtscp lm constant_tsc arch_perfmon pebs bts rep_good nopl xtopology nonstop_tsc aperfmperf pni dtes64 monitor ds_cpl vmx est tm2 ssse3 cx16 xtpr pdcm sse4_1 sse4_2 popcnt lahf_lm arat dtherm tpr_shadow vnmi flexpriority ept vpid
bugs		:
bogomips	: 4256.02
clflush size	: 64
cache_alignment	: 64
address sizes	: 36 bits physical, 48 bits virtual
power management:



Memory: 4k page, physical 4872352k(111832k free), swap 0k(0k free)

vm_info: Java HotSpot(TM) 64-Bit Server VM (25.74-b02) for linux-amd64 JRE (1.8.0_74-b02), built on Jan 29 2016 19:20:56 by "java_re" with gcc 4.3.0 20080428 (Red Hat 4.3.0-8)

time: Mon Mar 14 18:14:24 2016
elapsed time: 5 seconds (0d 0h 0m 5s)

