#
# There is insufficient memory for the Java Runtime Environment to continue.
# Native memory allocation (mmap) failed to map 121634816 bytes for committing reserved memory.
# Possible reasons:
#   The system is out of physical RAM or swap space
#   In 32 bit mode, the process size limit was hit
# Possible solutions:
#   Reduce memory load on the system
#   Increase physical memory or swap space
#   Check if swap backing store is full
#   Use 64 bit Java on a 64 bit OS
#   Decrease Java heap size (-Xmx/-Xms)
#   Decrease number of Java threads
#   Decrease Java thread stack sizes (-Xss)
#   Set larger code cache with -XX:ReservedCodeCacheSize=
# This output file may be truncated or incomplete.
#
#  Out of Memory Error (os_linux.cpp:2627), pid=8291, tid=140039554062080
#
# JRE version: Java(TM) SE Runtime Environment (8.0_74-b02) (build 1.8.0_74-b02)
# Java VM: Java HotSpot(TM) 64-Bit Server VM (25.74-b02 mixed mode linux-amd64 compressed oops)
# Failed to write core dump. Core dumps have been disabled. To enable core dumping, try "ulimit -c unlimited" before starting Java again
#

---------------  T H R E A D  ---------------

Current thread (0x00007f5d98078000):  VMThread [stack: 0x00007f5d7fcfd000,0x00007f5d7fdfe000] [id=8301]

Stack: [0x00007f5d7fcfd000,0x00007f5d7fdfe000],  sp=0x00007f5d7fdfbf60,  free space=1019k
Native frames: (J=compiled Java code, j=interpreted, Vv=VM code, C=native code)
V  [libjvm.so+0xaba7ea]  VMError::report_and_die()+0x2ba
V  [libjvm.so+0x4f9e3b]  report_vm_out_of_memory(char const*, int, unsigned long, VMErrorType, char const*)+0x8b
V  [libjvm.so+0x91b613]  os::Linux::commit_memory_impl(char*, unsigned long, bool)+0x103
V  [libjvm.so+0x91bb69]  os::pd_commit_memory(char*, unsigned long, unsigned long, bool)+0x29
V  [libjvm.so+0x915e6a]  os::commit_memory(char*, unsigned long, unsigned long, bool)+0x2a
V  [libjvm.so+0x989543]  PSVirtualSpace::expand_by(unsigned long)+0x53
V  [libjvm.so+0x98a948]  PSYoungGen::resize_generation(unsigned long, unsigned long)+0xf8
V  [libjvm.so+0x989aa2]  PSYoungGen::resize(unsigned long, unsigned long)+0x22
V  [libjvm.so+0x986d7b]  PSScavenge::invoke_no_policy()+0xf3b
V  [libjvm.so+0x987501]  PSScavenge::invoke()+0x41
V  [libjvm.so+0x93f300]  ParallelScavengeHeap::failed_mem_allocate(unsigned long)+0x70
V  [libjvm.so+0xabc207]  VM_ParallelGCFailedAllocation::doit()+0x97
V  [libjvm.so+0xac3c35]  VM_Operation::evaluate()+0x55
V  [libjvm.so+0xac200a]  VMThread::evaluate_operation(VM_Operation*)+0xba
V  [libjvm.so+0xac238e]  VMThread::loop()+0x1ce
V  [libjvm.so+0xac2800]  VMThread::run()+0x70
V  [libjvm.so+0x91d9d8]  java_start(Thread*)+0x108

VM_Operation (0x00007f5d9e4f71a0): ParallelGCFailedAllocation, mode: safepoint, requested by thread 0x00007f5d9800a800


---------------  P R O C E S S  ---------------

Java Threads: ( => current thread )
  0x00007f5d980d1000 JavaThread "Service Thread" daemon [_thread_blocked, id=8308, stack(0x00007f5d7ef13000,0x00007f5d7f014000)]
  0x00007f5d980be000 JavaThread "C1 CompilerThread2" daemon [_thread_blocked, id=8307, stack(0x00007f5d7f014000,0x00007f5d7f115000)]
  0x00007f5d980bc000 JavaThread "C2 CompilerThread1" daemon [_thread_blocked, id=8306, stack(0x00007f5d7f115000,0x00007f5d7f216000)]
  0x00007f5d980b9000 JavaThread "C2 CompilerThread0" daemon [_thread_blocked, id=8305, stack(0x00007f5d7f216000,0x00007f5d7f317000)]
  0x00007f5d980b7800 JavaThread "Signal Dispatcher" daemon [_thread_blocked, id=8304, stack(0x00007f5d7f317000,0x00007f5d7f418000)]
  0x00007f5d98084800 JavaThread "Finalizer" daemon [_thread_blocked, id=8303, stack(0x00007f5d7fafb000,0x00007f5d7fbfc000)]
  0x00007f5d98080000 JavaThread "Reference Handler" daemon [_thread_blocked, id=8302, stack(0x00007f5d7fbfc000,0x00007f5d7fcfd000)]
  0x00007f5d9800a800 JavaThread "main" [_thread_blocked, id=8296, stack(0x00007f5d9e3f8000,0x00007f5d9e4f9000)]

Other Threads:
=>0x00007f5d98078000 VMThread [stack: 0x00007f5d7fcfd000,0x00007f5d7fdfe000] [id=8301]
  0x00007f5d980d3800 WatcherThread [stack: 0x00007f5d7ee12000,0x00007f5d7ef13000] [id=8309]

VM state:at safepoint (normal execution)

VM Mutex/Monitor currently owned by a thread:  ([mutex/lock_event])
[0x00007f5d98006b30] Threads_lock - owner thread: 0x00007f5d98078000
[0x00007f5d98007030] Heap_lock - owner thread: 0x00007f5d9800a800

Heap:
 PSYoungGen      total 80896K, used 3069K [0x00000000eab00000, 0x00000000efd00000, 0x0000000100000000)
  eden space 77824K, 0% used [0x00000000eab00000,0x00000000eab00000,0x00000000ef700000)
  from space 3072K, 99% used [0x00000000ef700000,0x00000000ef9ff420,0x00000000efa00000)
  to   space 3072K, 0% used [0x00000000efa00000,0x00000000efa00000,0x00000000efd00000)
 ParOldGen       total 52224K, used 46591K [0x00000000c0000000, 0x00000000c3300000, 0x00000000eab00000)
  object space 52224K, 89% used [0x00000000c0000000,0x00000000c2d7fc28,0x00000000c3300000)
 Metaspace       used 7656K, capacity 7876K, committed 8064K, reserved 1056768K
  class space    used 783K, capacity 820K, committed 896K, reserved 1048576K

Card table byte_map: [0x00007f5d9c001000,0x00007f5d9c202000] byte_map_base: 0x00007f5d9ba01000

Marking Bits: (ParMarkBitMap*) 0x00007f5d9d8d4260
 Begin Bits: [0x00007f5d85a63000, 0x00007f5d86a63000)
 End Bits:   [0x00007f5d86a63000, 0x00007f5d87a63000)

Polling page: 0x00007f5d9e51b000

CodeCache: size=245760Kb used=5450Kb max_used=5469Kb free=240309Kb
 bounds [0x00007f5d8837d000, 0x00007f5d888dd000, 0x00007f5d9737d000]
 total_blobs=2164 nmethods=1867 adapters=212
 compilation: enabled

Compilation events (10 events):
Event: 4,178 Thread 0x00007f5d980be000 1910       3       com.android.dex.EncodedValueReader::readFloat (27 bytes)
Event: 4,179 Thread 0x00007f5d980be000 nmethod 1910 0x00007f5d888ca590 code [0x00007f5d888ca700, 0x00007f5d888ca8f8]
Event: 4,189 Thread 0x00007f5d980bc000 nmethod 1903 0x00007f5d888d1850 code [0x00007f5d888d1a60, 0x00007f5d888d24b8]
Event: 4,190 Thread 0x00007f5d980bc000 1907       4       com.android.dx.merge.DexMerger$7::read (8 bytes)
Event: 4,193 Thread 0x00007f5d980be000 1914       3       java.util.TimSort::mergeAt (358 bytes)
Event: 4,194 Thread 0x00007f5d980be000 nmethod 1914 0x00007f5d888c9010 code [0x00007f5d888c91e0, 0x00007f5d888c9798]
Event: 4,224 Thread 0x00007f5d980be000 1915       3       com.android.dx.io.instructions.InstructionCodec$33::encode (131 bytes)
Event: 4,227 Thread 0x00007f5d980be000 nmethod 1915 0x00007f5d888cead0 code [0x00007f5d888ced80, 0x00007f5d888d0a48]
Event: 4,307 Thread 0x00007f5d980b9000 nmethod 1905 0x00007f5d888d8150 code [0x00007f5d888d8460, 0x00007f5d888da110]
Event: 4,307 Thread 0x00007f5d980b9000 1913       4       com.android.dx.merge.SortableType::tryAssignDepth (134 bytes)

GC Heap History (9 events):
Event: 1,629 GC heap before
{Heap before GC invocations=1 (full 0):
 PSYoungGen      total 22528K, used 19456K [0x00000000eab00000, 0x00000000ec400000, 0x0000000100000000)
  eden space 19456K, 100% used [0x00000000eab00000,0x00000000ebe00000,0x00000000ebe00000)
  from space 3072K, 0% used [0x00000000ec100000,0x00000000ec100000,0x00000000ec400000)
  to   space 3072K, 0% used [0x00000000ebe00000,0x00000000ebe00000,0x00000000ec100000)
 ParOldGen       total 52224K, used 0K [0x00000000c0000000, 0x00000000c3300000, 0x00000000eab00000)
  object space 52224K, 0% used [0x00000000c0000000,0x00000000c0000000,0x00000000c3300000)
 Metaspace       used 5475K, capacity 6768K, committed 7040K, reserved 1056768K
  class space    used 568K, capacity 616K, committed 640K, reserved 1048576K
Event: 1,646 GC heap after
Heap after GC invocations=1 (full 0):
 PSYoungGen      total 22528K, used 3059K [0x00000000eab00000, 0x00000000ed700000, 0x0000000100000000)
  eden space 19456K, 0% used [0x00000000eab00000,0x00000000eab00000,0x00000000ebe00000)
  from space 3072K, 99% used [0x00000000ebe00000,0x00000000ec0fcf58,0x00000000ec100000)
  to   space 3072K, 0% used [0x00000000ed400000,0x00000000ed400000,0x00000000ed700000)
 ParOldGen       total 52224K, used 2435K [0x00000000c0000000, 0x00000000c3300000, 0x00000000eab00000)
  object space 52224K, 4% used [0x00000000c0000000,0x00000000c0260f50,0x00000000c3300000)
 Metaspace       used 5475K, capacity 6768K, committed 7040K, reserved 1056768K
  class space    used 568K, capacity 616K, committed 640K, reserved 1048576K
}
Event: 2,879 GC heap before
{Heap before GC invocations=2 (full 0):
 PSYoungGen      total 22528K, used 22515K [0x00000000eab00000, 0x00000000ed700000, 0x0000000100000000)
  eden space 19456K, 100% used [0x00000000eab00000,0x00000000ebe00000,0x00000000ebe00000)
  from space 3072K, 99% used [0x00000000ebe00000,0x00000000ec0fcf58,0x00000000ec100000)
  to   space 3072K, 0% used [0x00000000ed400000,0x00000000ed400000,0x00000000ed700000)
 ParOldGen       total 52224K, used 2435K [0x00000000c0000000, 0x00000000c3300000, 0x00000000eab00000)
  object space 52224K, 4% used [0x00000000c0000000,0x00000000c0260f50,0x00000000c3300000)
 Metaspace       used 7479K, capacity 7748K, committed 8064K, reserved 1056768K
  class space    used 783K, capacity 820K, committed 896K, reserved 1048576K
Event: 2,900 GC heap after
Heap after GC invocations=2 (full 0):
 PSYoungGen      total 41984K, used 3065K [0x00000000eab00000, 0x00000000ed700000, 0x0000000100000000)
  eden space 38912K, 0% used [0x00000000eab00000,0x00000000eab00000,0x00000000ed100000)
  from space 3072K, 99% used [0x00000000ed400000,0x00000000ed6fe4c8,0x00000000ed700000)
  to   space 3072K, 0% used [0x00000000ed100000,0x00000000ed100000,0x00000000ed400000)
 ParOldGen       total 52224K, used 6917K [0x00000000c0000000, 0x00000000c3300000, 0x00000000eab00000)
  object space 52224K, 13% used [0x00000000c0000000,0x00000000c06c1520,0x00000000c3300000)
 Metaspace       used 7479K, capacity 7748K, committed 8064K, reserved 1056768K
  class space    used 783K, capacity 820K, committed 896K, reserved 1048576K
}
Event: 3,500 GC heap before
{Heap before GC invocations=3 (full 0):
 PSYoungGen      total 41984K, used 41977K [0x00000000eab00000, 0x00000000ed700000, 0x0000000100000000)
  eden space 38912K, 100% used [0x00000000eab00000,0x00000000ed100000,0x00000000ed100000)
  from space 3072K, 99% used [0x00000000ed400000,0x00000000ed6fe4c8,0x00000000ed700000)
  to   space 3072K, 0% used [0x00000000ed100000,0x00000000ed100000,0x00000000ed400000)
 ParOldGen       total 52224K, used 6917K [0x00000000c0000000, 0x00000000c3300000, 0x00000000eab00000)
  object space 52224K, 13% used [0x00000000c0000000,0x00000000c06c1520,0x00000000c3300000)
 Metaspace       used 7626K, capacity 7876K, committed 8064K, reserved 1056768K
  class space    used 783K, capacity 820K, committed 896K, reserved 1048576K
Event: 3,535 GC heap after
Heap after GC invocations=3 (full 0):
 PSYoungGen      total 41984K, used 3068K [0x00000000eab00000, 0x00000000efd00000, 0x0000000100000000)
  eden space 38912K, 0% used [0x00000000eab00000,0x00000000eab00000,0x00000000ed100000)
  from space 3072K, 99% used [0x00000000ed100000,0x00000000ed3ff010,0x00000000ed400000)
  to   space 3072K, 0% used [0x00000000efa00000,0x00000000efa00000,0x00000000efd00000)
 ParOldGen       total 52224K, used 11877K [0x00000000c0000000, 0x00000000c3300000, 0x00000000eab00000)
  object space 52224K, 22% used [0x00000000c0000000,0x00000000c0b996c8,0x00000000c3300000)
 Metaspace       used 7626K, capacity 7876K, committed 8064K, reserved 1056768K
  class space    used 783K, capacity 820K, committed 896K, reserved 1048576K
}
Event: 3,730 GC heap before
{Heap before GC invocations=4 (full 0):
 PSYoungGen      total 41984K, used 41980K [0x00000000eab00000, 0x00000000efd00000, 0x0000000100000000)
  eden space 38912K, 100% used [0x00000000eab00000,0x00000000ed100000,0x00000000ed100000)
  from space 3072K, 99% used [0x00000000ed100000,0x00000000ed3ff010,0x00000000ed400000)
  to   space 3072K, 0% used [0x00000000efa00000,0x00000000efa00000,0x00000000efd00000)
 ParOldGen       total 52224K, used 11877K [0x00000000c0000000, 0x00000000c3300000, 0x00000000eab00000)
  object space 52224K, 22% used [0x00000000c0000000,0x00000000c0b996c8,0x00000000c3300000)
 Metaspace       used 7646K, capacity 7876K, committed 8064K, reserved 1056768K
  class space    used 783K, capacity 820K, committed 896K, reserved 1048576K
Event: 3,827 GC heap after
Heap after GC invocations=4 (full 0):
 PSYoungGen      total 80896K, used 2687K [0x00000000eab00000, 0x00000000efd00000, 0x0000000100000000)
  eden space 77824K, 0% used [0x00000000eab00000,0x00000000eab00000,0x00000000ef700000)
  from space 3072K, 87% used [0x00000000efa00000,0x00000000efc9fe30,0x00000000efd00000)
  to   space 3072K, 0% used [0x00000000ef700000,0x00000000ef700000,0x00000000efa00000)
 ParOldGen       total 52224K, used 22964K [0x00000000c0000000, 0x00000000c3300000, 0x00000000eab00000)
  object space 52224K, 43% used [0x00000000c0000000,0x00000000c166d368,0x00000000c3300000)
 Metaspace       used 7646K, capacity 7876K, committed 8064K, reserved 1056768K
  class space    used 783K, capacity 820K, committed 896K, reserved 1048576K
}
Event: 4,308 GC heap before
{Heap before GC invocations=5 (full 0):
 PSYoungGen      total 80896K, used 80511K [0x00000000eab00000, 0x00000000efd00000, 0x0000000100000000)
  eden space 77824K, 100% used [0x00000000eab00000,0x00000000ef700000,0x00000000ef700000)
  from space 3072K, 87% used [0x00000000efa00000,0x00000000efc9fe30,0x00000000efd00000)
  to   space 3072K, 0% used [0x00000000ef700000,0x00000000ef700000,0x00000000efa00000)
 ParOldGen       total 52224K, used 22964K [0x00000000c0000000, 0x00000000c3300000, 0x00000000eab00000)
  object space 52224K, 43% used [0x00000000c0000000,0x00000000c166d368,0x00000000c3300000)
 Metaspace       used 7656K, capacity 7876K, committed 8064K, reserved 1056768K
  class space    used 783K, capacity 820K, committed 896K, reserved 1048576K

Deoptimization events (10 events):
Event: 2,452 Thread 0x00007f5d9800a800 Uncommon trap: reason=class_check action=maybe_recompile pc=0x00007f5d8865458c method=java.util.HashMap.putVal(ILjava/lang/Object;Ljava/lang/Object;ZZ)Ljava/lang/Object; @ 152
Event: 2,625 Thread 0x00007f5d9800a800 Uncommon trap: reason=unstable_if action=reinterpret pc=0x00007f5d886ca03c method=java.util.HashMap.putVal(ILjava/lang/Object;Ljava/lang/Object;ZZ)Ljava/lang/Object; @ 162
Event: 2,764 Thread 0x00007f5d9800a800 Uncommon trap: reason=unstable_if action=reinterpret pc=0x00007f5d88736664 method=sun.misc.URLClassPath.getLoader(I)Lsun/misc/URLClassPath$Loader; @ 36
Event: 2,765 Thread 0x00007f5d9800a800 Uncommon trap: reason=unstable_if action=reinterpret pc=0x00007f5d887359bc method=sun.misc.URLClassPath.getLoader(I)Lsun/misc/URLClassPath$Loader; @ 36
Event: 2,765 Thread 0x00007f5d9800a800 Uncommon trap: reason=unstable_if action=reinterpret pc=0x00007f5d88538978 method=sun.misc.MetaIndex.mayContain(Ljava/lang/String;)Z @ 13
Event: 2,905 Thread 0x00007f5d9800a800 Uncommon trap: reason=predicate action=maybe_recompile pc=0x00007f5d88750b58 method=com.android.dex.Leb128.readUnsignedLeb128(Lcom/android/dex/util/ByteInput;)I @ 41
Event: 3,017 Thread 0x00007f5d9800a800 Uncommon trap: reason=unstable_if action=reinterpret pc=0x00007f5d8863d7f8 method=java.util.HashMap.getNode(ILjava/lang/Object;)Ljava/util/HashMap$Node; @ 84
Event: 3,018 Thread 0x00007f5d9800a800 Uncommon trap: reason=unstable_if action=reinterpret pc=0x00007f5d8863a770 method=java.util.HashMap.getNode(ILjava/lang/Object;)Ljava/util/HashMap$Node; @ 84
Event: 3,134 Thread 0x00007f5d9800a800 Uncommon trap: reason=unstable_if action=reinterpret pc=0x00007f5d8860431c method=java.lang.Long.numberOfTrailingZeros(J)I @ 3
Event: 3,905 Thread 0x00007f5d9800a800 Uncommon trap: reason=unstable_if action=reinterpret pc=0x00007f5d88893a58 method=com.android.dx.merge.DexMerger$IdMerger.mergeSorted()V @ 261

Internal exceptions (6 events):
Event: 0,331 Thread 0x00007f5d9800a800 Exception <a 'java/lang/NoSuchMethodError': Method sun.misc.Unsafe.defineClass(Ljava/lang/String;[BII)Ljava/lang/Class; name or signature does not match> (0x00000000eab07cc0) thrown at [/HUDSON3/workspace/8-2-build-linux-amd64/jdk8u74/6087/hotspot/src/sha
Event: 0,331 Thread 0x00007f5d9800a800 Exception <a 'java/lang/NoSuchMethodError': Method sun.misc.Unsafe.prefetchRead(Ljava/lang/Object;J)V name or signature does not match> (0x00000000eab07fa8) thrown at [/HUDSON3/workspace/8-2-build-linux-amd64/jdk8u74/6087/hotspot/src/share/vm/prims/jni.cp
Event: 2,765 Thread 0x00007f5d9800a800 Exception <a 'java/security/PrivilegedActionException'> (0x00000000ebc6a5a8) thrown at [/HUDSON3/workspace/8-2-build-linux-amd64/jdk8u74/6087/hotspot/src/share/vm/prims/jvm.cpp, line 1386]
Event: 2,765 Thread 0x00007f5d9800a800 Exception <a 'java/security/PrivilegedActionException'> (0x00000000ebc6a9a0) thrown at [/HUDSON3/workspace/8-2-build-linux-amd64/jdk8u74/6087/hotspot/src/share/vm/prims/jvm.cpp, line 1386]
Event: 2,765 Thread 0x00007f5d9800a800 Exception <a 'java/security/PrivilegedActionException'> (0x00000000ebc6d1b0) thrown at [/HUDSON3/workspace/8-2-build-linux-amd64/jdk8u74/6087/hotspot/src/share/vm/prims/jvm.cpp, line 1386]
Event: 2,765 Thread 0x00007f5d9800a800 Exception <a 'java/security/PrivilegedActionException'> (0x00000000ebc6d5a8) thrown at [/HUDSON3/workspace/8-2-build-linux-amd64/jdk8u74/6087/hotspot/src/share/vm/prims/jvm.cpp, line 1386]

Events (10 events):
Event: 3,905 Thread 0x00007f5d9800a800 DEOPT UNPACKING pc=0x00007f5d88382229 sp=0x00007f5d9e4f74e8 mode 2
Event: 3,931 Thread 0x00007f5d9800a800 DEOPT PACKING pc=0x00007f5d88645580 sp=0x00007f5d9e4f7350
Event: 3,931 Thread 0x00007f5d9800a800 DEOPT UNPACKING pc=0x00007f5d883c4233 sp=0x00007f5d9e4f7058 mode 0
Event: 3,934 Thread 0x00007f5d9800a800 DEOPT PACKING pc=0x00007f5d88645580 sp=0x00007f5d9e4f7320
Event: 3,934 Thread 0x00007f5d9800a800 DEOPT UNPACKING pc=0x00007f5d883c4233 sp=0x00007f5d9e4f7028 mode 0
Event: 4,041 Thread 0x00007f5d9800a800 DEOPT PACKING pc=0x00007f5d8885216a sp=0x00007f5d9e4f73e0
Event: 4,042 Thread 0x00007f5d9800a800 DEOPT UNPACKING pc=0x00007f5d883c4233 sp=0x00007f5d9e4f7108 mode 0
Event: 4,048 Thread 0x00007f5d9800a800 DEOPT PACKING pc=0x00007f5d88832d06 sp=0x00007f5d9e4f7390
Event: 4,048 Thread 0x00007f5d9800a800 DEOPT UNPACKING pc=0x00007f5d883c4233 sp=0x00007f5d9e4f70d0 mode 0
Event: 4,308 Executing VM operation: ParallelGCFailedAllocation


Dynamic libraries:
00400000-00401000 r-xp 00000000 08:02 2375199                            /usr/lib/jvm/java-8-oracle/bin/java
00600000-00601000 rw-p 00000000 08:02 2375199                            /usr/lib/jvm/java-8-oracle/bin/java
02138000-02159000 rw-p 00000000 00:00 0                                  [heap]
c0000000-c3300000 rw-p 00000000 00:00 0 
c3300000-eab00000 ---p 00000000 00:00 0 
eab00000-efd00000 rw-p 00000000 00:00 0 
f7100000-100000000 ---p 00000000 00:00 0 
100000000-1000e0000 rw-p 00000000 00:00 0 
1000e0000-140000000 ---p 00000000 00:00 0 
7f5d30000000-7f5d30021000 rw-p 00000000 00:00 0 
7f5d30021000-7f5d34000000 ---p 00000000 00:00 0 
7f5d38000000-7f5d3802e000 rw-p 00000000 00:00 0 
7f5d3802e000-7f5d3c000000 ---p 00000000 00:00 0 
7f5d3c000000-7f5d3c021000 rw-p 00000000 00:00 0 
7f5d3c021000-7f5d40000000 ---p 00000000 00:00 0 
7f5d40000000-7f5d40029000 rw-p 00000000 00:00 0 
7f5d40029000-7f5d44000000 ---p 00000000 00:00 0 
7f5d44000000-7f5d44021000 rw-p 00000000 00:00 0 
7f5d44021000-7f5d48000000 ---p 00000000 00:00 0 
7f5d48000000-7f5d48021000 rw-p 00000000 00:00 0 
7f5d48021000-7f5d4c000000 ---p 00000000 00:00 0 
7f5d4c000000-7f5d4c021000 rw-p 00000000 00:00 0 
7f5d4c021000-7f5d50000000 ---p 00000000 00:00 0 
7f5d50000000-7f5d5093a000 rw-p 00000000 00:00 0 
7f5d5093a000-7f5d54000000 ---p 00000000 00:00 0 
7f5d54000000-7f5d54521000 rw-p 00000000 00:00 0 
7f5d54521000-7f5d58000000 ---p 00000000 00:00 0 
7f5d58000000-7f5d58021000 rw-p 00000000 00:00 0 
7f5d58021000-7f5d5c000000 ---p 00000000 00:00 0 
7f5d5c000000-7f5d5c85d000 rw-p 00000000 00:00 0 
7f5d5c85d000-7f5d60000000 ---p 00000000 00:00 0 
7f5d60000000-7f5d60021000 rw-p 00000000 00:00 0 
7f5d60021000-7f5d64000000 ---p 00000000 00:00 0 
7f5d64000000-7f5d64021000 rw-p 00000000 00:00 0 
7f5d64021000-7f5d68000000 ---p 00000000 00:00 0 
7f5d68000000-7f5d68021000 rw-p 00000000 00:00 0 
7f5d68021000-7f5d6c000000 ---p 00000000 00:00 0 
7f5d6c000000-7f5d6c28c000 rw-p 00000000 00:00 0 
7f5d6c28c000-7f5d70000000 ---p 00000000 00:00 0 
7f5d70000000-7f5d70021000 rw-p 00000000 00:00 0 
7f5d70021000-7f5d74000000 ---p 00000000 00:00 0 
7f5d78000000-7f5d78021000 rw-p 00000000 00:00 0 
7f5d78021000-7f5d7c000000 ---p 00000000 00:00 0 
7f5d7e90d000-7f5d7e910000 ---p 00000000 00:00 0 
7f5d7e910000-7f5d7ea0e000 rw-p 00000000 00:00 0 
7f5d7ea0e000-7f5d7ea11000 ---p 00000000 00:00 0 
7f5d7ea11000-7f5d7eb0f000 rw-p 00000000 00:00 0 
7f5d7eb0f000-7f5d7eb12000 ---p 00000000 00:00 0 
7f5d7eb12000-7f5d7ec10000 rw-p 00000000 00:00 0 
7f5d7ec10000-7f5d7ec13000 ---p 00000000 00:00 0 
7f5d7ec13000-7f5d7ed11000 rw-p 00000000 00:00 0 
7f5d7ed11000-7f5d7ed14000 ---p 00000000 00:00 0 
7f5d7ed14000-7f5d7ee12000 rw-p 00000000 00:00 0 
7f5d7ee12000-7f5d7ee13000 ---p 00000000 00:00 0 
7f5d7ee13000-7f5d7ef13000 rw-p 00000000 00:00 0                          [stack:8309]
7f5d7ef13000-7f5d7ef16000 ---p 00000000 00:00 0 
7f5d7ef16000-7f5d7f014000 rw-p 00000000 00:00 0                          [stack:8308]
7f5d7f014000-7f5d7f017000 ---p 00000000 00:00 0 
7f5d7f017000-7f5d7f115000 rw-p 00000000 00:00 0                          [stack:8307]
7f5d7f115000-7f5d7f118000 ---p 00000000 00:00 0 
7f5d7f118000-7f5d7f216000 rw-p 00000000 00:00 0                          [stack:8306]
7f5d7f216000-7f5d7f219000 ---p 00000000 00:00 0 
7f5d7f219000-7f5d7f317000 rw-p 00000000 00:00 0                          [stack:8305]
7f5d7f317000-7f5d7f31a000 ---p 00000000 00:00 0 
7f5d7f31a000-7f5d7f418000 rw-p 00000000 00:00 0                          [stack:8304]
7f5d7f418000-7f5d7fafb000 r--p 00000000 08:02 400674                     /usr/lib/locale/locale-archive
7f5d7fafb000-7f5d7fafe000 ---p 00000000 00:00 0 
7f5d7fafe000-7f5d7fbfc000 rw-p 00000000 00:00 0                          [stack:8303]
7f5d7fbfc000-7f5d7fbff000 ---p 00000000 00:00 0 
7f5d7fbff000-7f5d7fcfd000 rw-p 00000000 00:00 0                          [stack:8302]
7f5d7fcfd000-7f5d7fcfe000 ---p 00000000 00:00 0 
7f5d7fcfe000-7f5d80000000 rw-p 00000000 00:00 0                          [stack:8301]
7f5d80000000-7f5d80021000 rw-p 00000000 00:00 0 
7f5d80021000-7f5d84000000 ---p 00000000 00:00 0 
7f5d8404a000-7f5d84054000 r--s 00116000 08:02 2622511                    /usr/lib/jvm/java-8-oracle/jre/lib/ext/localedata.jar
7f5d84054000-7f5d84063000 r--s 000df000 08:02 810865                     /root/Android/Sdk/build-tools/23.0.1/lib/dx.jar
7f5d84063000-7f5d84e15000 rw-p 00000000 00:00 0 
7f5d84e15000-7f5d84fed000 r--s 03d1d000 08:02 2622546                    /usr/lib/jvm/java-8-oracle/jre/lib/rt.jar
7f5d84fed000-7f5d85763000 rw-p 00000000 00:00 0 
7f5d85763000-7f5d85863000 ---p 00000000 00:00 0 
7f5d85863000-7f5d87a63000 rw-p 00000000 00:00 0 
7f5d87a63000-7f5d87a64000 ---p 00000000 00:00 0 
7f5d87a64000-7f5d87b64000 rw-p 00000000 00:00 0                          [stack:8300]
7f5d87b64000-7f5d87b65000 ---p 00000000 00:00 0 
7f5d87b65000-7f5d87c65000 rw-p 00000000 00:00 0                          [stack:8299]
7f5d87c65000-7f5d87c66000 ---p 00000000 00:00 0 
7f5d87c66000-7f5d87d66000 rw-p 00000000 00:00 0                          [stack:8298]
7f5d87d66000-7f5d87d67000 ---p 00000000 00:00 0 
7f5d87d67000-7f5d87e81000 rw-p 00000000 00:00 0                          [stack:8297]
7f5d87e81000-7f5d87fbd000 ---p 00000000 00:00 0 
7f5d87fbd000-7f5d87fd3000 rw-p 00000000 00:00 0 
7f5d87fd3000-7f5d8837d000 ---p 00000000 00:00 0 
7f5d8837d000-7f5d888dd000 rwxp 00000000 00:00 0 
7f5d888dd000-7f5d9737d000 ---p 00000000 00:00 0 
7f5d9737d000-7f5d97397000 r-xp 00000000 08:02 2622383                    /usr/lib/jvm/java-8-oracle/jre/lib/amd64/libzip.so
7f5d97397000-7f5d97597000 ---p 0001a000 08:02 2622383                    /usr/lib/jvm/java-8-oracle/jre/lib/amd64/libzip.so
7f5d97597000-7f5d97598000 rw-p 0001a000 08:02 2622383                    /usr/lib/jvm/java-8-oracle/jre/lib/amd64/libzip.so
7f5d97598000-7f5d975a3000 r-xp 00000000 08:02 1837531                    /lib/x86_64-linux-gnu/libnss_files-2.19.so
7f5d975a3000-7f5d977a2000 ---p 0000b000 08:02 1837531                    /lib/x86_64-linux-gnu/libnss_files-2.19.so
7f5d977a2000-7f5d977a3000 r--p 0000a000 08:02 1837531                    /lib/x86_64-linux-gnu/libnss_files-2.19.so
7f5d977a3000-7f5d977a4000 rw-p 0000b000 08:02 1837531                    /lib/x86_64-linux-gnu/libnss_files-2.19.so
7f5d977a4000-7f5d977af000 r-xp 00000000 08:02 1837515                    /lib/x86_64-linux-gnu/libnss_nis-2.19.so
7f5d977af000-7f5d979ae000 ---p 0000b000 08:02 1837515                    /lib/x86_64-linux-gnu/libnss_nis-2.19.so
7f5d979ae000-7f5d979af000 r--p 0000a000 08:02 1837515                    /lib/x86_64-linux-gnu/libnss_nis-2.19.so
7f5d979af000-7f5d979b0000 rw-p 0000b000 08:02 1837515                    /lib/x86_64-linux-gnu/libnss_nis-2.19.so
7f5d979b0000-7f5d979c7000 r-xp 00000000 08:02 1837507                    /lib/x86_64-linux-gnu/libnsl-2.19.so
7f5d979c7000-7f5d97bc6000 ---p 00017000 08:02 1837507                    /lib/x86_64-linux-gnu/libnsl-2.19.so
7f5d97bc6000-7f5d97bc7000 r--p 00016000 08:02 1837507                    /lib/x86_64-linux-gnu/libnsl-2.19.so
7f5d97bc7000-7f5d97bc8000 rw-p 00017000 08:02 1837507                    /lib/x86_64-linux-gnu/libnsl-2.19.so
7f5d97bc8000-7f5d97bca000 rw-p 00000000 00:00 0 
7f5d97bca000-7f5d97bd3000 r-xp 00000000 08:02 1837505                    /lib/x86_64-linux-gnu/libnss_compat-2.19.so
7f5d97bd3000-7f5d97dd2000 ---p 00009000 08:02 1837505                    /lib/x86_64-linux-gnu/libnss_compat-2.19.so
7f5d97dd2000-7f5d97dd3000 r--p 00008000 08:02 1837505                    /lib/x86_64-linux-gnu/libnss_compat-2.19.so
7f5d97dd3000-7f5d97dd4000 rw-p 00009000 08:02 1837505                    /lib/x86_64-linux-gnu/libnss_compat-2.19.so
7f5d97dd4000-7f5d97dfe000 r-xp 00000000 08:02 2622400                    /usr/lib/jvm/java-8-oracle/jre/lib/amd64/libjava.so
7f5d97dfe000-7f5d97ffe000 ---p 0002a000 08:02 2622400                    /usr/lib/jvm/java-8-oracle/jre/lib/amd64/libjava.so
7f5d97ffe000-7f5d98000000 rw-p 0002a000 08:02 2622400                    /usr/lib/jvm/java-8-oracle/jre/lib/amd64/libjava.so
7f5d98000000-7f5d983a4000 rw-p 00000000 00:00 0 
7f5d983a4000-7f5d9c000000 ---p 00000000 00:00 0 
7f5d9c001000-7f5d9c01b000 rw-p 00000000 00:00 0 
7f5d9c01b000-7f5d9c156000 ---p 00000000 00:00 0 
7f5d9c156000-7f5d9c180000 rw-p 00000000 00:00 0 
7f5d9c180000-7f5d9c201000 ---p 00000000 00:00 0 
7f5d9c201000-7f5d9c202000 rw-p 00000000 00:00 0 
7f5d9c202000-7f5d9c20f000 r-xp 00000000 08:02 2622394                    /usr/lib/jvm/java-8-oracle/jre/lib/amd64/libverify.so
7f5d9c20f000-7f5d9c40f000 ---p 0000d000 08:02 2622394                    /usr/lib/jvm/java-8-oracle/jre/lib/amd64/libverify.so
7f5d9c40f000-7f5d9c411000 rw-p 0000d000 08:02 2622394                    /usr/lib/jvm/java-8-oracle/jre/lib/amd64/libverify.so
7f5d9c411000-7f5d9c418000 r-xp 00000000 08:02 1837523                    /lib/x86_64-linux-gnu/librt-2.19.so
7f5d9c418000-7f5d9c617000 ---p 00007000 08:02 1837523                    /lib/x86_64-linux-gnu/librt-2.19.so
7f5d9c617000-7f5d9c618000 r--p 00006000 08:02 1837523                    /lib/x86_64-linux-gnu/librt-2.19.so
7f5d9c618000-7f5d9c619000 rw-p 00007000 08:02 1837523                    /lib/x86_64-linux-gnu/librt-2.19.so
7f5d9c619000-7f5d9c71e000 r-xp 00000000 08:02 1837495                    /lib/x86_64-linux-gnu/libm-2.19.so
7f5d9c71e000-7f5d9c91d000 ---p 00105000 08:02 1837495                    /lib/x86_64-linux-gnu/libm-2.19.so
7f5d9c91d000-7f5d9c91e000 r--p 00104000 08:02 1837495                    /lib/x86_64-linux-gnu/libm-2.19.so
7f5d9c91e000-7f5d9c91f000 rw-p 00105000 08:02 1837495                    /lib/x86_64-linux-gnu/libm-2.19.so
7f5d9c91f000-7f5d9d5de000 r-xp 00000000 08:02 2622376                    /usr/lib/jvm/java-8-oracle/jre/lib/amd64/server/libjvm.so
7f5d9d5de000-7f5d9d7dd000 ---p 00cbf000 08:02 2622376                    /usr/lib/jvm/java-8-oracle/jre/lib/amd64/server/libjvm.so
7f5d9d7dd000-7f5d9d8b6000 rw-p 00cbe000 08:02 2622376                    /usr/lib/jvm/java-8-oracle/jre/lib/amd64/server/libjvm.so
7f5d9d8b6000-7f5d9d8ff000 rw-p 00000000 00:00 0 
7f5d9d8ff000-7f5d9daba000 r-xp 00000000 08:02 1837525                    /lib/x86_64-linux-gnu/libc-2.19.so
7f5d9daba000-7f5d9dcb9000 ---p 001bb000 08:02 1837525                    /lib/x86_64-linux-gnu/libc-2.19.so
7f5d9dcb9000-7f5d9dcbd000 r--p 001ba000 08:02 1837525                    /lib/x86_64-linux-gnu/libc-2.19.so
7f5d9dcbd000-7f5d9dcbf000 rw-p 001be000 08:02 1837525                    /lib/x86_64-linux-gnu/libc-2.19.so
7f5d9dcbf000-7f5d9dcc4000 rw-p 00000000 00:00 0 
7f5d9dcc4000-7f5d9dcc7000 r-xp 00000000 08:02 1837499                    /lib/x86_64-linux-gnu/libdl-2.19.so
7f5d9dcc7000-7f5d9dec6000 ---p 00003000 08:02 1837499                    /lib/x86_64-linux-gnu/libdl-2.19.so
7f5d9dec6000-7f5d9dec7000 r--p 00002000 08:02 1837499                    /lib/x86_64-linux-gnu/libdl-2.19.so
7f5d9dec7000-7f5d9dec8000 rw-p 00003000 08:02 1837499                    /lib/x86_64-linux-gnu/libdl-2.19.so
7f5d9dec8000-7f5d9dedd000 r-xp 00000000 08:02 2623227                    /usr/lib/jvm/java-8-oracle/lib/amd64/jli/libjli.so
7f5d9dedd000-7f5d9e0dd000 ---p 00015000 08:02 2623227                    /usr/lib/jvm/java-8-oracle/lib/amd64/jli/libjli.so
7f5d9e0dd000-7f5d9e0de000 rw-p 00015000 08:02 2623227                    /usr/lib/jvm/java-8-oracle/lib/amd64/jli/libjli.so
7f5d9e0de000-7f5d9e0f7000 r-xp 00000000 08:02 1837509                    /lib/x86_64-linux-gnu/libpthread-2.19.so
7f5d9e0f7000-7f5d9e2f6000 ---p 00019000 08:02 1837509                    /lib/x86_64-linux-gnu/libpthread-2.19.so
7f5d9e2f6000-7f5d9e2f7000 r--p 00018000 08:02 1837509                    /lib/x86_64-linux-gnu/libpthread-2.19.so
7f5d9e2f7000-7f5d9e2f8000 rw-p 00019000 08:02 1837509                    /lib/x86_64-linux-gnu/libpthread-2.19.so
7f5d9e2f8000-7f5d9e2fc000 rw-p 00000000 00:00 0 
7f5d9e2fc000-7f5d9e31f000 r-xp 00000000 08:02 1837511                    /lib/x86_64-linux-gnu/ld-2.19.so
7f5d9e322000-7f5d9e326000 r--s 00097000 08:02 2622520                    /usr/lib/jvm/java-8-oracle/jre/lib/jsse.jar
7f5d9e326000-7f5d9e3f8000 rw-p 00000000 00:00 0 
7f5d9e3f8000-7f5d9e3fb000 ---p 00000000 00:00 0 
7f5d9e3fb000-7f5d9e512000 rw-p 00000000 00:00 0                          [stack:8296]
7f5d9e512000-7f5d9e51a000 rw-s 00000000 08:02 2376448                    /tmp/hsperfdata_root/8291
7f5d9e51a000-7f5d9e51b000 rw-p 00000000 00:00 0 
7f5d9e51b000-7f5d9e51c000 ---p 00000000 00:00 0 
7f5d9e51c000-7f5d9e51e000 rw-p 00000000 00:00 0 
7f5d9e51e000-7f5d9e51f000 r--p 00022000 08:02 1837511                    /lib/x86_64-linux-gnu/ld-2.19.so
7f5d9e51f000-7f5d9e520000 rw-p 00023000 08:02 1837511                    /lib/x86_64-linux-gnu/ld-2.19.so
7f5d9e520000-7f5d9e521000 rw-p 00000000 00:00 0 
7ffd4ea46000-7ffd4ea67000 rw-p 00000000 00:00 0                          [stack]
7ffd4ebe3000-7ffd4ebe5000 r--p 00000000 00:00 0                          [vvar]
7ffd4ebe5000-7ffd4ebe7000 r-xp 00000000 00:00 0                          [vdso]
ffffffffff600000-ffffffffff601000 r-xp 00000000 00:00 0                  [vsyscall]

VM Arguments:
jvm_args: -Xmx1024M -Dfile.encoding=UTF-8 -Duser.country=FR -Duser.language=fr -Duser.variant 
java_command: com.android.dx.command.Main --dex --num-threads=4 --output /root/AndroidStudioProjects/AuthApp/app/build/intermediates/dex/debug /root/AndroidStudioProjects/AuthApp/app/build/intermediates/classes/debug /root/AndroidStudioProjects/AuthApp/app/build/intermediates/pre-dexed/debug/support-annotations-23.1.0-aeef0f0bccd52a0e6450a31c4255f27a9fce49d5.jar /root/AndroidStudioProjects/AuthApp/app/build/intermediates/pre-dexed/debug/retrofit-1.9.0-535d3f0982c829a4064c138d803bde2b00b2ce0f.jar /root/AndroidStudioProjects/AuthApp/app/build/intermediates/pre-dexed/debug/gson-2.3.1-db347212bcda2648244d4b24078ad368b698503a.jar /root/AndroidStudioProjects/AuthApp/app/build/intermediates/pre-dexed/debug/classes-6fa0c1ba40f3924d8723ed42df2582d4825b3057.jar /root/AndroidStudioProjects/AuthApp/app/build/intermediates/pre-dexed/debug/internal_impl-23.1.0-106b72880d4ae0f53555ad949c1abee4dbff0ffa.jar /root/AndroidStudioProjects/AuthApp/app/build/intermediates/pre-dexed/debug/classes-7940dc918172729981fa31197c89f6dddd2c6157.jar /root/AndroidStudioProjects/AuthApp/app/build/intermediates/pre-dexed/debug/classes-1d3919ad0739fe9d82ffd54b004bc211ca852257.jar /root/AndroidStudioProjects/AuthApp/app/build/intermediates/pre-dexed/debug/classes-18c7eb39d7d488f22cb84801a6c9083ac884bd0f.jar
java_class_path (initial): /root/Android/Sdk/build-tools/23.0.1/lib/dx.jar
Launcher Type: SUN_STANDARD

Environment Variables:
PATH=/usr/local/sbin:/usr/local/bin:/usr/sbin:/usr/bin:/sbin:/bin:/usr/games:/usr/local/games
USERNAME=root
LD_LIBRARY_PATH=.:
SHELL=/bin/bash
DISPLAY=:0.0

Signal Handlers:
SIGSEGV: [libjvm.so+0xabb070], sa_mask[0]=11111111011111111101111111111110, sa_flags=SA_RESTART|SA_SIGINFO
SIGBUS: [libjvm.so+0xabb070], sa_mask[0]=11111111011111111101111111111110, sa_flags=SA_RESTART|SA_SIGINFO
SIGFPE: [libjvm.so+0x918480], sa_mask[0]=11111111011111111101111111111110, sa_flags=SA_RESTART|SA_SIGINFO
SIGPIPE: [libjvm.so+0x918480], sa_mask[0]=11111111011111111101111111111110, sa_flags=SA_RESTART|SA_SIGINFO
SIGXFSZ: [libjvm.so+0x918480], sa_mask[0]=11111111011111111101111111111110, sa_flags=SA_RESTART|SA_SIGINFO
SIGILL: [libjvm.so+0x918480], sa_mask[0]=11111111011111111101111111111110, sa_flags=SA_RESTART|SA_SIGINFO
SIGUSR1: SIG_DFL, sa_mask[0]=00000000000000000000000000000000, sa_flags=none
SIGUSR2: [libjvm.so+0x919ab0], sa_mask[0]=00100000000000000000000000000000, sa_flags=SA_RESTART|SA_SIGINFO
SIGHUP: [libjvm.so+0x91aeb0], sa_mask[0]=11111111011111111101111111111110, sa_flags=SA_RESTART|SA_SIGINFO
SIGINT: [libjvm.so+0x91aeb0], sa_mask[0]=11111111011111111101111111111110, sa_flags=SA_RESTART|SA_SIGINFO
SIGTERM: [libjvm.so+0x91aeb0], sa_mask[0]=11111111011111111101111111111110, sa_flags=SA_RESTART|SA_SIGINFO
SIGQUIT: [libjvm.so+0x91aeb0], sa_mask[0]=11111111011111111101111111111110, sa_flags=SA_RESTART|SA_SIGINFO


---------------  S Y S T E M  ---------------

OS:DISTRIB_ID=Ubuntu
DISTRIB_RELEASE=14.04
DISTRIB_CODENAME=trusty
DISTRIB_DESCRIPTION="Ubuntu 14.04.4 LTS"

uname:Linux 3.19.0-54-generic #60~14.04.1-Ubuntu SMP Thu Mar 3 10:52:57 UTC 2016 x86_64
libc:glibc 2.19 NPTL 2.19 
rlimit: STACK 8192k, CORE 0k, NPROC 18949, NOFILE 4096, AS infinity
load average:0,60 0,34 0,33

/proc/meminfo:
MemTotal:        4872352 kB
MemFree:          128360 kB
MemAvailable:      85804 kB
Buffers:            4412 kB
Cached:           312816 kB
SwapCached:            0 kB
Active:          4270056 kB
Inactive:         284360 kB
Active(anon):    4243144 kB
Inactive(anon):   261796 kB
Active(file):      26912 kB
Inactive(file):    22564 kB
Unevictable:          48 kB
Mlocked:              48 kB
SwapTotal:             0 kB
SwapFree:              0 kB
Dirty:              2200 kB
Writeback:            12 kB
AnonPages:       4237308 kB
Mapped:            94012 kB
Shmem:            267720 kB
Slab:              71108 kB
SReclaimable:      34340 kB
SUnreclaim:        36768 kB
KernelStack:       11552 kB
PageTables:        57868 kB
NFS_Unstable:          0 kB
Bounce:                0 kB
WritebackTmp:          0 kB
CommitLimit:     2436176 kB
Committed_AS:   10589468 kB
VmallocTotal:   34359738367 kB
VmallocUsed:      552260 kB
VmallocChunk:   34359176668 kB
HardwareCorrupted:     0 kB
AnonHugePages:   1654784 kB
CmaTotal:              0 kB
CmaFree:               0 kB
HugePages_Total:       0
HugePages_Free:        0
HugePages_Rsvd:        0
HugePages_Surp:        0
Hugepagesize:       2048 kB
DirectMap4k:      198912 kB
DirectMap2M:     4837376 kB


CPU:total 4 (2 cores per cpu, 2 threads per core) family 6 model 37 stepping 2, cmov, cx8, fxsr, mmx, sse, sse2, sse3, ssse3, sse4.1, sse4.2, popcnt, ht, tsc, tscinvbit

/proc/cpuinfo:
processor	: 0
vendor_id	: GenuineIntel
cpu family	: 6
model		: 37
model name	: Intel(R) Core(TM) i3 CPU       M 330  @ 2.13GHz
stepping	: 2
microcode	: 0x9
cpu MHz		: 933.000
cache size	: 3072 KB
physical id	: 0
siblings	: 4
core id		: 0
cpu cores	: 2
apicid		: 0
initial apicid	: 0
fpu		: yes
fpu_exception	: yes
cpuid level	: 11
wp		: yes
flags		: fpu vme de pse tsc msr pae mce cx8 apic sep mtrr pge mca cmov pat pse36 clflush dts acpi mmx fxsr sse sse2 ss ht tm pbe syscall nx rdtscp lm constant_tsc arch_perfmon pebs bts rep_good nopl xtopology nonstop_tsc aperfmperf pni dtes64 monitor ds_cpl vmx est tm2 ssse3 cx16 xtpr pdcm sse4_1 sse4_2 popcnt lahf_lm arat dtherm tpr_shadow vnmi flexpriority ept vpid
bugs		:
bogomips	: 4256.02
clflush size	: 64
cache_alignment	: 64
address sizes	: 36 bits physical, 48 bits virtual
power management:

processor	: 1
vendor_id	: GenuineIntel
cpu family	: 6
model		: 37
model name	: Intel(R) Core(TM) i3 CPU       M 330  @ 2.13GHz
stepping	: 2
microcode	: 0x9
cpu MHz		: 2133.000
cache size	: 3072 KB
physical id	: 0
siblings	: 4
core id		: 0
cpu cores	: 2
apicid		: 1
initial apicid	: 1
fpu		: yes
fpu_exception	: yes
cpuid level	: 11
wp		: yes
flags		: fpu vme de pse tsc msr pae mce cx8 apic sep mtrr pge mca cmov pat pse36 clflush dts acpi mmx fxsr sse sse2 ss ht tm pbe syscall nx rdtscp lm constant_tsc arch_perfmon pebs bts rep_good nopl xtopology nonstop_tsc aperfmperf pni dtes64 monitor ds_cpl vmx est tm2 ssse3 cx16 xtpr pdcm sse4_1 sse4_2 popcnt lahf_lm arat dtherm tpr_shadow vnmi flexpriority ept vpid
bugs		:
bogomips	: 4256.02
clflush size	: 64
cache_alignment	: 64
address sizes	: 36 bits physical, 48 bits virtual
power management:

processor	: 2
vendor_id	: GenuineIntel
cpu family	: 6
model		: 37
model name	: Intel(R) Core(TM) i3 CPU       M 330  @ 2.13GHz
stepping	: 2
microcode	: 0x9
cpu MHz		: 933.000
cache size	: 3072 KB
physical id	: 0
siblings	: 4
core id		: 2
cpu cores	: 2
apicid		: 4
initial apicid	: 4
fpu		: yes
fpu_exception	: yes
cpuid level	: 11
wp		: yes
flags		: fpu vme de pse tsc msr pae mce cx8 apic sep mtrr pge mca cmov pat pse36 clflush dts acpi mmx fxsr sse sse2 ss ht tm pbe syscall nx rdtscp lm constant_tsc arch_perfmon pebs bts rep_good nopl xtopology nonstop_tsc aperfmperf pni dtes64 monitor ds_cpl vmx est tm2 ssse3 cx16 xtpr pdcm sse4_1 sse4_2 popcnt lahf_lm arat dtherm tpr_shadow vnmi flexpriority ept vpid
bugs		:
bogomips	: 4256.02
clflush size	: 64
cache_alignment	: 64
address sizes	: 36 bits physical, 48 bits virtual
power management:

processor	: 3
vendor_id	: GenuineIntel
cpu family	: 6
model		: 37
model name	: Intel(R) Core(TM) i3 CPU       M 330  @ 2.13GHz
stepping	: 2
microcode	: 0x9
cpu MHz		: 933.000
cache size	: 3072 KB
physical id	: 0
siblings	: 4
core id		: 2
cpu cores	: 2
apicid		: 5
initial apicid	: 5
fpu		: yes
fpu_exception	: yes
cpuid level	: 11
wp		: yes
flags		: fpu vme de pse tsc msr pae mce cx8 apic sep mtrr pge mca cmov pat pse36 clflush dts acpi mmx fxsr sse sse2 ss ht tm pbe syscall nx rdtscp lm constant_tsc arch_perfmon pebs bts rep_good nopl xtopology nonstop_tsc aperfmperf pni dtes64 monitor ds_cpl vmx est tm2 ssse3 cx16 xtpr pdcm sse4_1 sse4_2 popcnt lahf_lm arat dtherm tpr_shadow vnmi flexpriority ept vpid
bugs		:
bogomips	: 4256.02
clflush size	: 64
cache_alignment	: 64
address sizes	: 36 bits physical, 48 bits virtual
power management:



Memory: 4k page, physical 4872352k(128360k free), swap 0k(0k free)

vm_info: Java HotSpot(TM) 64-Bit Server VM (25.74-b02) for linux-amd64 JRE (1.8.0_74-b02), built on Jan 29 2016 19:20:56 by "java_re" with gcc 4.3.0 20080428 (Red Hat 4.3.0-8)

time: Mon Mar 14 18:13:41 2016
elapsed time: 4 seconds (0d 0h 0m 4s)

